
 ==============================
 S N O P T  7.2-5    (May 2007)
 ==============================
 
 SNMEMB EXIT 100 -- finished successfully
 SNMEMB INFO 104 -- memory requirements estimated

 ==============================
 S N O P T  7.2-5    (May 2007)
 ==============================
 
 

 Nonlinear constraints     181     Linear constraints       0
 Nonlinear variables        96     Linear variables         0
 Jacobian  variables        96     Objective variables     96
 Total constraints         181     Total variables         96
 

 
 The user has defined   17376   out of   17376   constraint gradients.
 The user has defined      96   out of      96   objective  gradients.
 

 Major Minors     Step   nCon Feasible  Optimal  MeritFunction    nS Penalty
     0     11               1 (0.0E+00) 9.5E-02  9.4230287E-01     6           r
     1     13  7.3E-01      2  1.4E-02  2.7E-02  4.6074930E-01    10         n rl
     2      4  1.0E+00      3  3.5E-03  3.6E-02  3.3248069E-01     9         s
     3      3  1.0E+00      4  9.9E-04  2.3E-02  3.6930100E-01     7 2.0E+02
     4      2  1.0E+00      5  8.8E-04  7.7E-03  3.4829980E-01     8 1.4E+01
     5      5  1.0E+00      6  2.3E-04  1.6E-02  3.3518391E-01     6 6.3E+02
     6      2  1.0E+00      7  1.4E-04  4.7E-03  2.9309426E-01     5 5.0E+01
     7      6  1.0E+00      8  4.3E-05  6.3E-03  2.8095615E-01     8 2.0E+01
     8      8  1.0E+00      9  1.1E-05  1.4E-03  2.7488966E-01     5 2.0E+01
     9      3  1.0E+00     10  2.9E-06  8.2E-04  2.7432115E-01     7 2.0E+01

 Major Minors     Step   nCon Feasible  Optimal  MeritFunction    nS Penalty
    10      5  1.0E+00     11 (7.4E-07) 1.7E-03  2.7419618E-01     7 2.0E+01
    11      2  1.0E+00     12 (2.1E-07) 1.6E-04  2.7404420E-01     8 2.0E+01
    12      3  1.0E+00     14  1.6E-06  8.6E-04  2.7362706E-01    10 2.0E+01  MR
    13      1  1.0E+00     15 (4.1E-07) 8.0E-04  2.7387038E-01    10 5.6E+06 s
    14      1  1.0E+00     16 (5.2E-07) 6.9E-04  2.7378885E-01    10 9.5E+03
    15      3  4.3E-01     18  1.0E-06  2.0E-03  2.7375192E-01    10 5.5E+02
    16      1  1.0E+00     19  3.2E-06  3.6E-03  2.7368726E-01    10 1.3E+02
    17      1  1.0E+00     20  1.6E-06  4.6E-04  2.7364422E-01    10 7.6E+03
    18      1  1.0E+00     21 (4.2E-07) 2.1E-04  2.7359840E-01    10 7.0E+02
    19      1  1.0E+00     22 (1.1E-07) 2.9E-04  2.7354176E-01    10 3.0E+02

 Major Minors     Step   nCon Feasible  Optimal  MeritFunction    nS Penalty
    20      1  1.0E+00     23 (2.7E-08) 1.0E-04  2.7353749E-01    10 3.0E+02
    21      1  1.0E+00     24 (8.0E-09) 3.8E-05  2.7352694E-01    10 3.0E+02
    22      3  1.0E+00     25 (2.1E-09) 1.2E-05  2.7351094E-01     8 3.0E+02
    23      2  5.6E-01     27 (4.6E-09) 8.1E-05  2.7350830E-01     9 3.0E+02   R
    24      2  3.5E-01     29 (9.5E-09) 3.1E-05  2.7350655E-01    10 3.0E+02 s
    25      1  1.0E+00     30 (2.4E-09) 1.6E-05  2.7350658E-01    10 2.9E+08
    26      1  1.0E+00     31 (1.4E-09) 1.7E-05  2.7350538E-01    10 2.7E+05
    27      3  1.0E+00     32 (6.7E-10) 2.6E-05  2.7350094E-01     8 1.2E+04
    28      3  1.0E+00     33 (4.4E-10) 4.8E-04  2.7348721E-01     8 2.5E+03
    29      2  1.0E+00     34 (2.8E-10) 4.7E-05  2.7348397E-01     9 1.1E+03

 Major Minors     Step   nCon Feasible  Optimal  MeritFunction    nS Penalty
    30      3  1.0E+00     35 (2.7E-10) 8.9E-06  2.7348354E-01     9 1.1E+03
    31      1  3.3E-01     37 (5.2E-10) 5.3E-06  2.7348330E-01     9 1.1E+03
    32      1  1.0E+00     38 (1.8E-10) 3.4E-06  2.7348335E-01     9 1.8E+10
    33      1  1.0E+00     39 (6.1E-11) 3.2E-06  2.7348294E-01     9 4.3E+06
    34      1  1.0E+00     40 (3.1E-11) 1.4E-06  2.7348210E-01     9 9.4E+04   R
    35      1  1.5E-01     42 (3.3E-11)(9.7E-07) 2.7348209E-01     9 1.4E+04 s
 
 SNOPTC EXIT   0 -- finished successfully
 SNOPTC INFO   1 -- optimality conditions satisfied

 Problem name                 O
 No. of iterations                 103   Objective value      2.7348203431E-01
 No. of major iterations            35   Linear objective     0.0000000000E+00
 Penalty parameter           1.389E+04   Nonlinear objective  2.7348203431E-01
 No. of calls to funobj             43   No. of calls to funcon             43
 No. of superbasics                  9   No. of basic nonlinears            83
 No. of degenerate steps             0   Percentage                       0.00
 Max x                       1 1.0E+00   Max pi                     97 4.1E+02
 Max Primal infeas           0 0.0E+00   Max Dual infeas            47 4.2E-04
 Nonlinear constraint violn    1.9E-10
 
 

 Solution printed on file  18
 
 Time for MPS input                             0.00 seconds
 Time for solving problem                     950.26 seconds
 Time for solution output                       0.04 seconds
 Time for constraint functions                973.52 seconds
 Time for objective function                    0.00 seconds
