
 ==============================
 S N O P T  7.2-5    (May 2007)
 ==============================
 
 SNMEMB EXIT 100 -- finished successfully
 SNMEMB INFO 104 -- memory requirements estimated

 ==============================
 S N O P T  7.2-5    (May 2007)
 ==============================
 
 

 Nonlinear constraints       1     Linear constraints       0
 Nonlinear variables         5     Linear variables         0
 Jacobian  variables         5     Objective variables      5
 Total constraints           1     Total variables          5
 

 
 The user has defined       5   out of       5   constraint gradients.
 The user has defined       5   out of       5   objective  gradients.
 

 Major Minors     Step   nCon Feasible  Optimal  MeritFunction    nS Penalty
     0      4               1  5.9E-01  8.0E-01  1.0000000E+01                 r
     1      1  5.0E-01      3  1.5E+00  9.8E-01  8.1191989E+00               n r
     2      2  5.6E-01      5  3.0E+00  1.8E+00  6.2043390E+00     1         s
     3      4  4.4E-02      8  3.0E+00  2.3E+00  6.1693149E+00     2
     4      6  5.0E-01     10  2.2E+00  2.3E+00  5.5942464E+00     2
     5      4  1.7E-03     14  2.2E+00  3.9E+00  5.5925697E+00     3
     6      1  7.2E-02     17  2.1E+00  4.8E+00  5.9298508E+00     3 3.7E-02
     7      1  1.5E-01     19  1.8E+00  6.0E-01  6.9435137E+00     3 1.5E-01
     8      1  1.5E-01     21  1.5E+00  6.3E+00  6.9374661E+00     3 1.5E-01
     9      1  4.2E-01     23  9.4E-01  4.0E+00  7.8764282E+00     3 3.3E-01

 Major Minors     Step   nCon Feasible  Optimal  MeritFunction    nS Penalty
    10      1  1.3E-01     25  8.0E-01  3.5E+00  8.9330312E+00     3 8.2E-01
    11      1  8.2E-02     27  7.3E-01  2.9E+00  8.9671094E+00     3 8.7E-01
    12      1  6.4E-02     29  6.7E-01  2.7E+00  9.0777678E+00     3 9.7E-01
    13      1  5.5E-02     31  6.3E-01  2.4E+00  9.1701448E+00     3 1.1E+00
    14      1  4.8E-02     33  6.0E-01  2.3E+00  9.2459889E+00     3 1.2E+00
    15      1  4.3E-02     35  5.7E-01  2.1E+00  9.3091634E+00     3 1.2E+00
    16      1  3.9E-02     37  5.4E-01  2.0E+00  9.3665675E+00     3 1.3E+00
    17      2  3.7E-02     39  5.2E-01  1.3E+00  9.4871511E+00     4 1.5E+00
    18      1  1.0E+00     40  1.4E-01  3.1E-01  9.4606282E+00     4 1.5E+00
    19      1  1.0E+00     41  2.4E-02  2.0E-01  1.0367292E+01     4 1.2E+01

 Major Minors     Step   nCon Feasible  Optimal  MeritFunction    nS Penalty
    20      1  1.0E+00     42  1.4E-03  6.4E-02  1.0350098E+01     4 1.8E+01
    21      2  1.0E+00     43  4.2E-05  5.8E-02  1.0303875E+01     3 4.2E+00
    22      2  2.0E-01     48  1.8E-04  2.5E-01  1.0239994E+01     4 4.2E+00
    23      1  1.1E-02     50  1.8E-04  2.4E-01  1.0239659E+01     4 4.2E+00
    24      1  1.0E+00     51  6.6E-05  1.1E-01  1.0238465E+01     4 4.2E+00
    25      1  1.0E+00     52  2.2E-05  3.9E-02  1.0237952E+01     4 4.2E+00
    26      1  1.0E+00     53  2.8E-06  5.3E-03  1.0237891E+01     4 4.2E+00
    27      1  1.0E+00     54 (8.3E-08) 9.8E-04  1.0237890E+01     4 4.2E+00
    28      1  1.0E+00     55 (3.1E-09) 3.1E-04  1.0237890E+01     4 4.2E+00
    29      1  1.0E+00     56 (7.8E-10) 3.4E-05  1.0237890E+01     4 4.2E+00

 Major Minors     Step   nCon Feasible  Optimal  MeritFunction    nS Penalty
    30      1  1.0E+00     57 (0.0E+00)(3.6E-06) 1.0237890E+01     4 4.2E+00
 
 SNOPTC EXIT   0 -- finished successfully
 SNOPTC INFO   1 -- optimality conditions satisfied

 Problem name                 O
 No. of iterations                  49   Objective value      1.0237889618E+01
 No. of major iterations            30   Linear objective     0.0000000000E+00
 Penalty parameter           4.229E+00   Nonlinear objective  1.0237889618E+01
 No. of calls to funobj             58   No. of calls to funcon             58
 No. of superbasics                  4   No. of basic nonlinears             1
 No. of degenerate steps             0   Percentage                       0.00
 Max x                       1 1.7E+00   Max pi                      1 5.1E+00
 Max Primal infeas           0 0.0E+00   Max Dual infeas             4 4.7E-05
 Nonlinear constraint violn    0.0E+00
 
 

 Solution printed on file  18
 
 Time for MPS input                             0.00 seconds
 Time for solving problem                    1374.90 seconds
 Time for solution output                       0.00 seconds
 Time for constraint functions               1419.40 seconds
 Time for objective function                    0.00 seconds
