
 ==============================
 S N O P T  7.2-5    (May 2007)
 ==============================
 
 SNMEMB EXIT 100 -- finished successfully
 SNMEMB INFO 104 -- memory requirements estimated

 ==============================
 S N O P T  7.2-5    (May 2007)
 ==============================
 
 

 Nonlinear constraints       1     Linear constraints       0
 Nonlinear variables        86     Linear variables         0
 Jacobian  variables        86     Objective variables     86
 Total constraints           1     Total variables         86
 

 
 The user has defined      86   out of      86   constraint gradients.
 The user has defined      86   out of      86   objective  gradients.
 

 Major Minors     Step   nCon Feasible  Optimal  MeritFunction    nS Penalty
     0     85               1 (2.7E-17) 4.6E-03  2.8708302E+00     1           r
     1      3  1.4E-01      4 (2.7E-17) 8.7E-03  2.7962782E+00               n r
     2     85  1.1E-02      8 (1.4E-17) 2.1E-01  2.7281368E+00    85         s
     3      1  1.0E+00      9 (0.0E+00) 2.3E-01  2.3243838E+00    85
     4      3  1.0E+00     10 (2.7E-17) 1.2E-01  2.0248160E+00    83
     5      4  1.0E+00     11 (1.4E-17) 6.3E-02  1.8385795E+00    80
     6      9  1.0E+00     12 (1.4E-17) 3.7E-02  1.8041389E+00    76
     7      6  1.0E+00     13 (0.0E+00) 1.3E-02  1.7313574E+00    73
     8      4  1.0E+00     14 (0.0E+00) 8.0E-03  1.7129339E+00    70
     9      3  1.0E+00     15 (5.4E-17) 7.0E-03  1.7003006E+00    68

 Major Minors     Step   nCon Feasible  Optimal  MeritFunction    nS Penalty
    10      3  1.0E+00     16 (6.8E-17) 9.3E-03  1.6863547E+00    66
    11      2  1.0E+00     17 (9.5E-17) 7.9E-03  1.6749770E+00    65
    12      2  1.0E+00     18 (5.4E-17) 9.7E-03  1.6659373E+00    64           R
    13     10  1.0E+00     19 (4.1E-17) 9.8E-03  1.6650146E+00    55         s
    14     11  6.2E-01     21 (0.0E+00) 3.3E-02  1.6579011E+00    49
    15     10  2.3E-01     23 (2.7E-17) 1.8E-02  1.6567906E+00    56
    16      4  2.3E-01     25 (1.4E-17) 4.4E-03  1.6562912E+00    57
    17      3  4.1E-01     27 (1.4E-17) 4.2E-03  1.6557613E+00    59
    18      1  5.2E-01     29 (0.0E+00) 2.9E-03  1.6555044E+00    59
    19      2  5.0E-01     31 (1.4E-17) 5.1E-03  1.6552811E+00    58

 Major Minors     Step   nCon Feasible  Optimal  MeritFunction    nS Penalty
    20      1  3.8E-01     33 (8.2E-17) 4.3E-03  1.6551394E+00    58
    21      1  4.7E-01     35 (2.7E-17) 4.0E-03  1.6550539E+00    58
    22      1  3.1E-01     37 (4.1E-17) 3.6E-03  1.6550108E+00    58
    23      1  2.9E-01     39 (0.0E+00) 2.7E-03  1.6549823E+00    58           R
    24      1  1.0E+00     40 (6.8E-17) 1.1E-03  1.6549554E+00    58         s
    25      1  1.0E+00     41 (2.7E-17) 1.5E-04  1.6549411E+00    58
    26      1  1.0E+00     42 (5.5E-17) 1.2E-04  1.6549409E+00    58
    27      1  1.0E+00     43 (1.4E-17) 7.9E-05  1.6549407E+00    58
    28      1  1.0E+00     44 (2.7E-17) 4.9E-05  1.6549406E+00    58
    29      1  1.0E+00     45 (4.1E-17) 3.6E-05  1.6549405E+00    58

 Major Minors     Step   nCon Feasible  Optimal  MeritFunction    nS Penalty
    30      1  1.0E+00     46 (1.4E-17) 1.3E-05  1.6549405E+00    58
    31      1  1.0E+00     47 (1.4E-17)(7.8E-06) 1.6549405E+00    58
 
 SNOPTC EXIT   0 -- finished successfully
 SNOPTC INFO   1 -- optimality conditions satisfied

 Problem name                 O
 No. of iterations                 263   Objective value      1.6549405343E+00
 No. of major iterations            31   Linear objective     0.0000000000E+00
 Penalty parameter           0.000E+00   Nonlinear objective  1.6549405343E+00
 No. of calls to funobj             48   No. of calls to funcon             48
 No. of superbasics                 58   No. of basic nonlinears             1
 No. of degenerate steps             0   Percentage                       0.00
 Max x                       1 8.3E-03   Max pi                      1 1.5E+01
 Max Primal infeas           0 0.0E+00   Max Dual infeas            53 1.3E-03
 Nonlinear constraint violn    1.4E-17
 
 

 Solution printed on file  18
 
 Time for MPS input                             0.00 seconds
 Time for solving problem                   12382.90 seconds
 Time for solution output                       0.01 seconds
 Time for constraint functions              12881.40 seconds
 Time for objective function                    0.00 seconds
