
 ==============================
 S N O P T  7.2-5    (May 2007)
 ==============================
 
 SNMEMB EXIT 100 -- finished successfully
 SNMEMB INFO 104 -- memory requirements estimated

 ==============================
 S N O P T  7.2-5    (May 2007)
 ==============================
 
 

 Nonlinear constraints       1     Linear constraints       0
 Nonlinear variables        90     Linear variables         0
 Jacobian  variables        90     Objective variables     90
 Total constraints           1     Total variables         90
 

 
 The user has defined      90   out of      90   constraint gradients.
 The user has defined      90   out of      90   objective  gradients.
 

 Major Minors     Step   nCon Feasible  Optimal  MeritFunction    nS Penalty
     0     89               1 (1.1E-17) 1.1E-02  4.3822398E+00     1           r
     1      5  1.6E-01      4 (0.0E+00) 1.1E-02  4.0081301E+00     3         n r
     2     69  1.7E-01      7 (5.6E-17) 1.6E-01  3.7893144E+00    71         s
     3     14  4.9E-01      9 (4.5E-17) 6.8E-02  3.2014498E+00    70
     4     12  1.0E+00     10 (2.3E-17) 2.2E-01  2.9746834E+00    67
     5      6  1.0E+00     11 (3.5E-17) 7.9E-02  2.8963362E+00    70
     6      4  1.0E+00     12 (3.5E-17) 4.6E-02  2.8289145E+00    67
     7      4  1.0E+00     13 (2.4E-17) 2.0E-02  2.7671376E+00    68
     8     10  6.9E-01     15 (3.5E-17) 2.7E-02  2.7359517E+00    59
     9      5  6.4E-01     17 (2.4E-17) 4.2E-02  2.7213827E+00    59

 Major Minors     Step   nCon Feasible  Optimal  MeritFunction    nS Penalty
    10      3  1.0E+00     18 (2.4E-17) 2.8E-02  2.7176798E+00    61
    11      3  1.0E+00     19 (0.0E+00) 9.3E-03  2.7104941E+00    61
    12      1  1.0E+00     20 (2.4E-17) 1.1E-02  2.7081612E+00    61           R
    13      2  1.0E+00     21 (2.4E-17) 1.5E-03  2.7069724E+00    60         s
    14      5  1.0E+00     22 (0.0E+00) 9.8E-04  2.7064772E+00    56
    15      2  1.0E+00     23 (3.6E-17) 1.6E-03  2.7057291E+00    55
    16      2  1.0E+00     24 (4.8E-17) 1.5E-03  2.7054613E+00    54
    17      2  1.0E+00     25 (2.4E-17) 4.8E-04  2.7053424E+00    55
    18      3  1.0E+00     26 (2.4E-17) 4.1E-04  2.7052925E+00    57
    19      3  1.0E+00     27 (3.6E-17) 1.3E-03  2.7051583E+00    55

 Major Minors     Step   nCon Feasible  Optimal  MeritFunction    nS Penalty
    20      2  1.0E+00     28 (4.8E-17) 1.4E-03  2.7050421E+00    54
    21      1  1.0E+00     29 (2.4E-17) 1.6E-03  2.7049665E+00    54
    22      1  1.0E+00     30 (2.4E-17) 2.0E-04  2.7049549E+00    54
    23      1  1.0E+00     31 (0.0E+00) 9.7E-05  2.7049541E+00    54           R
    24      1  1.0E+00     32 (0.0E+00) 6.8E-05  2.7049538E+00    54         s
    25      1  1.0E+00     33 (0.0E+00) 5.0E-05  2.7049537E+00    54
    26      1  1.0E+00     34 (2.4E-17) 3.6E-05  2.7049536E+00    54
    27      1  1.0E+00     35 (1.2E-17) 1.4E-05  2.7049536E+00    54
    28      1  1.0E+00     36 (4.8E-17) 1.3E-05  2.7049536E+00    54
    29      1  1.0E+00     37 (1.2E-17) 1.1E-05  2.7049536E+00    54

 Major Minors     Step   nCon Feasible  Optimal  MeritFunction    nS Penalty
    30      1  1.0E+00     38 (2.4E-17)(3.8E-06) 2.7049536E+00    54
 
 SNOPTC EXIT   0 -- finished successfully
 SNOPTC INFO   1 -- optimality conditions satisfied

 Problem name                 O
 No. of iterations                 256   Objective value      2.7049535522E+00
 No. of major iterations            30   Linear objective     0.0000000000E+00
 Penalty parameter           0.000E+00   Nonlinear objective  2.7049535522E+00
 No. of calls to funobj             39   No. of calls to funcon             39
 No. of superbasics                 54   No. of basic nonlinears             1
 No. of degenerate steps             0   Percentage                       0.00
 Max x                       1 7.5E-02   Max pi                      1 2.7E+01
 Max Primal infeas           0 0.0E+00   Max Dual infeas             7 1.1E-04
 Nonlinear constraint violn    2.8E-17
 
 

 Solution printed on file  18
 
 Time for MPS input                             0.00 seconds
 Time for solving problem                    9493.65 seconds
 Time for solution output                       0.01 seconds
 Time for constraint functions               9963.28 seconds
 Time for objective function                    0.00 seconds
