
         ==============================
         S N O P T  7.2-5    (May 2007)
         ==============================
      Minor feasibility tolerance  1.00000000E-06
      Major feasibility tolerance  1.00000000E-06
      Major optimality tolerance  1.00000000E-06
      Major iterations limit           50000
      Summary file 19
      Print file 18
      Derivative level               3
1
 
 SNMEMB EXIT 100 -- finished successfully
 SNMEMB INFO 104 -- memory requirements estimated

         ==============================
         S N O P T  7.2-5    (May 2007)
         ==============================
      Minor feasibility tolerance  1.00000000E-06
      Major feasibility tolerance  1.00000000E-06
      Major optimality tolerance  1.00000000E-06
      Major iterations limit           50000
      Summary file 19
      Print file 18
      Derivative level               3
1
 
 Parameters
 ==========

 Files
 -----
 Solution file..........         0       Old basis file ........         0       Standard input.........         5
 Insert file............         0       New basis file ........         0       (Printer)..............        18
 Punch file.............         0       Backup basis file......         0       (Specs file)...........         0
 Load file..............         0       Dump file..............         0       Standard output........         6

 Frequencies
 -----------
 Print frequency........       100       Check frequency........        60       Save new basis map.....       100
 Summary frequency......       100       Factorization frequency        50       Expand frequency.......     10000

 QP subproblems
 --------------
 QPsolver Cholesky......
 Scale tolerance........     0.900       Minor feasibility tol..  1.00E-06       Iteration limit........     10000
 Scale option...........         0       Minor optimality  tol..  5.00E-07       Minor print level......         1
 Crash tolerance........     0.100       Pivot tolerance........  3.25E-11       Partial price..........         1
 Crash option...........         3       Elastic weight.........  1.00E+04       Prtl price section ( A)         2
                                         New superbasics........        99       Prtl price section (-I)         1

 The SQP Method
 --------------
 Minimize...............                 Cold start.............                 Proximal Point method..         1
 Nonlinear objectiv vars         2       Major optimality tol...  1.00E-06       Function precision.....  3.00E-13
 Unbounded step size....  1.00E+20       Superbasics limit......         2       Difference interval....  5.48E-07
 Unbounded objective....  1.00E+15       Reduced Hessian dim....         2       Central difference int.  6.70E-05
 Major step limit.......  2.00E+00       Derivative linesearch..                 Derivative level.......         3
 Major iterations limit.     50000       Linesearch tolerance...   0.90000       Verify level...........         0
 Minor iterations limit.       500       Penalty parameter......  0.00E+00       Major Print Level......         1

 Hessian Approximation
 ---------------------
 Full-Memory Hessian....                 Hessian updates........  99999999       Hessian frequency......  99999999
                                                                                 Hessian flush..........  99999999

 Nonlinear constraints
 ---------------------
 Nonlinear constraints..         1       Major feasibility tol..  1.00E-06       Violation limit........  1.00E+06
 Nonlinear Jacobian vars         2

 Miscellaneous
 -------------
 LU factor tolerance....      3.99       LU singularity tol.....  3.25E-11       Timing level...........         3
 LU update tolerance....      3.99       LU swap tolerance......  1.22E-04       Debug level............         0
 LU partial  pivoting...                 eps (machine precision)  2.22E-16       System information.....        No
1
 

 

 Matrix statistics
 -----------------
               Total      Normal        Free       Fixed     Bounded
 Rows              1           1           0           0           0
 Columns           2           0           0           0           2

 No. of matrix elements                    2     Density     100.000
 Biggest                          0.0000E+00  (excluding fixed columns,
 Smallest                         0.0000E+00   free rows, and RHS)

 No. of objective coefficients             0

 Nonlinear constraints       1     Linear constraints       0
 Nonlinear variables         2     Linear variables         0
 Jacobian  variables         2     Objective variables      2
 Total constraints           1     Total variables          2
1
 

 
 The user has defined       2   out of       2   constraint gradients.
 The user has defined       2   out of       2   objective  gradients.

 Cheap test of user-supplied problem derivatives...

 The constraint gradients seem to be OK.

 -->  The largest discrepancy was    6.78E-04  in constraint     3
 

 The objective  gradients seem to be OK.

 Gradient projected in one direction   1.00000000002E-04
 Difference approximation              1.00018474575E-04
1
 
 

   Itns Major Minors    Step   nCon Feasible  Optimal  MeritFunction     L+U BSwap     nS  condHz Penalty
      2     0      2              1 (0.0E+00) 9.0E-01  4.0000000E+00       1                              _  r
1
 
 SNOPTC EXIT  40 -- terminated after numerical difficulties
 SNOPTC INFO  43 -- cannot satisfy the general constraints

 Problem name                 O
 No. of iterations                   2   Objective value      6.9099102702E-01
 No. of major iterations             1   Linear objective     0.0000000000E+00
 Penalty parameter           0.000E+00   Nonlinear objective  6.9099102702E-01
 No. of calls to funobj             12   No. of calls to funcon             12
 No. of degenerate steps             0   Percentage                       0.00
 Max x                       1 1.7E-02   Max pi                      1 0.0E+00
 Max Primal infeas           0 0.0E+00   Max Dual infeas             0 0.0E+00
 Nonlinear constraint violn    7.0E+04
1
 
 Name           O                        Objective Value      6.9099102702E-01

 Status         Optimal Soln             Iteration      2    Superbasics     0

 Objective      ", "expr (Min)
 RHS            essions"
 Ranges         : null,
 Bounds         "nonline

 Section 1 - Rows

  Number  ...Row.. State  ...Activity...  Slack Activity  ..Lower Limit.  ..Upper Limit.  .Dual Activity    ..i
 
       3  r      1 D  BS    120362.60462     70362.60462           None      50000.00000          .           1
1
 
 Section 2 - Columns

  Number  .Column. State  ...Activity...  .Obj Gradient.  ..Lower Limit.  ..Upper Limit.  Reduced Gradnt    m+j
 
       1  x      1    FR         0.01727        20.00000         0.01000         1.0                 NaN      2
       2  x      2    FR         0.01727        20.00000         0.01000         1.0                 NaN      3
 
 Time for MPS input                             0.00 seconds
 Time for solving problem                      38.57 seconds
 Time for solution output                       0.00 seconds
 Time for constraint functions                 43.25 seconds
 Time for objective function                    0.00 seconds
