
 ==============================
 S N O P T  7.2-5    (May 2007)
 ==============================
 
 SNMEMB EXIT 100 -- finished successfully
 SNMEMB INFO 104 -- memory requirements estimated

 ==============================
 S N O P T  7.2-5    (May 2007)
 ==============================
 
 

 Nonlinear constraints     306     Linear constraints       0
 Nonlinear variables       180     Linear variables         0
 Jacobian  variables       180     Objective variables    180
 Total constraints         306     Total variables        180
 

 
 The user has defined   55080   out of   55080   constraint gradients.
 The user has defined     180   out of     180   objective  gradients.
 

 Major Minors     Step   nCon Feasible  Optimal  MeritFunction    nS Penalty
     0     34               1 (0.0E+00) 8.4E-03  1.5380603E+00    34           r
     1      6  1.0E+00      2 (0.0E+00) 7.2E-03  1.4245990E+00    29         n r
     2      7  5.0E-01      3 (0.0E+00) 3.2E-02  1.3729272E+00    33         s  l
     3      4  1.0E+00      4 (5.2E-18) 1.4E-03  1.1935218E+00    30
     4      5  1.0E+00      6 (5.1E-18) 4.3E-03  9.6936727E-01    26         n
     5      2  1.0E+00      8 (2.6E-17) 2.0E-03  8.5460237E-01    25         n R
     6      3  1.0E+00     10 (2.6E-17) 1.9E-03  7.7394425E-01    25         n R
     7      8  1.0E+00     12 (2.6E-17) 3.7E-02  7.0559332E-01    20         n r
     8      3  1.0E+00     13 (2.5E-17) 1.1E-02  2.7997359E-01    18         s
     9      7  1.0E+00     14 (2.3E-17) 8.3E-03  1.6548098E-01    18

 Major Minors     Step   nCon Feasible  Optimal  MeritFunction    nS Penalty
    10      4  1.0E+00     15  2.3E-06  1.3E-03  1.0916910E-01    17
    11      2  1.0E+00     16  2.2E-06  3.6E-03  9.4394599E-02    18
    12      5  1.0E+00     17 (2.2E-17) 3.5E-03  9.0947215E-02    14
    13      2  3.2E-01     19 (2.2E-17) 4.6E-03  8.7620748E-02    13
    14      4  1.0E+00     20 (3.9E-17) 9.3E-04  8.0738264E-02    12
    15      3  1.0E+00     21 (3.9E-17) 6.0E-03  7.8918789E-02    10
    16      7  1.0E+00     22 (3.8E-17) 2.2E-03  7.4843964E-02    14
    17      2  1.0E+00     23 (3.8E-17) 1.7E-03  7.2758113E-02    15
    18      1  1.0E+00     24 (3.8E-17) 6.6E-04  7.2020742E-02    15           R
    19      6  1.0E+00     25 (3.8E-17) 3.9E-04  7.1639284E-02    12         s

 Major Minors     Step   nCon Feasible  Optimal  MeritFunction    nS Penalty
    20      6  1.0E+00     26 (3.9E-17) 1.7E-04  6.8596728E-02    11
    21      3  1.0E+00     27 (3.9E-17) 2.2E-04  6.7852671E-02    11
    22      5  1.0E+00     28 (3.9E-17) 1.3E-04  6.7711943E-02    13 7.2E+03
    23      4  2.0E-01     30 (3.9E-17) 7.4E-04  6.7694265E-02    10 8.5E+01
    24      5  3.8E-01     32 (3.9E-17) 2.0E-04  6.7572762E-02    10 1.3E+01
    25      2  1.0E+00     33 (3.9E-17) 3.4E-04  6.7288681E-02    11 5.1E+00
    26      3  1.0E+00     34 (3.9E-17) 7.3E-04  6.6824796E-02     9 5.1E+00
    27      4  1.0E+00     35 (4.0E-17) 2.0E-03  6.6217153E-02    12 5.1E+00
    28      7  3.9E-01     37 (4.0E-17) 1.0E-03  6.6019719E-02    10 5.1E+00
    29      4  1.0E+00     38 (5.7E-17) 3.2E-04  6.5566585E-02    13 5.1E+00   R

 Major Minors     Step   nCon Feasible  Optimal  MeritFunction    nS Penalty
    30      3  3.1E-01     40 (5.7E-17) 1.5E-04  6.5363432E-02    13 5.1E+00 s
    31      1  1.0E+00     41 (5.7E-17) 2.2E-04  6.5372743E-02    13 6.4E+04
    32      2  1.0E+00     42 (5.7E-17) 6.3E-04  6.5317103E-02    14 5.1E+02
    33      1  1.0E+00     43 (5.6E-17) 4.1E-04  6.5093778E-02    14 6.4E+01
    34      3  1.0E+00     44 (5.6E-17) 6.1E-04  6.4903278E-02    12 2.3E+01
    35      3  1.0E+00     45 (5.5E-17) 5.2E-04  6.4338418E-02    12 2.3E+01
    36      4  1.0E+00     46 (5.5E-17) 2.6E-04  6.3996218E-02    13 2.3E+01
    37      3  1.0E+00     47 (5.5E-17) 3.1E-04  6.3704473E-02    11 2.3E+01
    38      1  1.0E+00     48 (5.5E-17) 2.6E-04  6.3531131E-02    11 2.3E+01
 
 SNOPTC EXIT   0 -- finished successfully
 SNOPTC INFO   3 -- requested accuracy could not be achieved

 Problem name                 O
 No. of iterations                 179   Objective value      6.3559402827E-02
 No. of major iterations            38   Linear objective     0.0000000000E+00
 Penalty parameter           2.257E+01   Nonlinear objective  6.3559402827E-02
 No. of calls to funobj             57   No. of calls to funcon             57
 No. of superbasics                 11   No. of basic nonlinears           172
 No. of degenerate steps             0   Percentage                       0.00
 Max x                      41 5.3E+00   Max pi                    306 2.5E+00
 Max Primal infeas           0 0.0E+00   Max Dual infeas            63 9.2E-04
 Nonlinear constraint violn    2.9E-15
 
 

 Solution printed on file  18
 
 Time for MPS input                             0.00 seconds
 Time for solving problem                   22551.77 seconds
 Time for solution output                       0.00 seconds
 Time for constraint functions              23041.94 seconds
 Time for objective function                    0.00 seconds
