
 ==============================
 S N O P T  7.2-5    (May 2007)
 ==============================
 
 SNMEMB EXIT 100 -- finished successfully
 SNMEMB INFO 104 -- memory requirements estimated

 ==============================
 S N O P T  7.2-5    (May 2007)
 ==============================
 
 

 Nonlinear constraints     118     Linear constraints       0
 Nonlinear variables       150     Linear variables         0
 Jacobian  variables       150     Objective variables    150
 Total constraints         118     Total variables        150
 

 
 The user has defined   17700   out of   17700   constraint gradients.
 The user has defined     150   out of     150   objective  gradients.
 

 Major Minors     Step   nCon Feasible  Optimal  MeritFunction    nS Penalty
     0     26               1 (0.0E+00) 2.5E-01  5.6166871E+03     8           r
     1     19  1.5E-01      2 (3.4E-18) 1.3E-01  5.9640676E+01    15         n rl
     2     12  2.1E-02      4 (6.9E-18) 6.2E-01  1.3838156E+01    26         s
     3      1  1.0E+00      5 (1.2E-16) 9.6E-02  9.7491535E+00    26
     4      1  1.0E+00      6 (1.2E-16) 2.9E-01  8.1472483E+00    26
     5      1  1.0E+00      7 (1.2E-16) 5.8E-01  5.5618440E+00    26
     6      1  1.0E+00      8 (1.2E-16) 9.7E-01  3.5477431E+00    26
     7      1  1.0E+00      9 (1.2E-16) 5.5E-01  2.1701499E+00    26
     8      1  1.0E+00     10 (1.2E-16) 9.2E-02  1.9524706E+00    26
     9      1  1.0E+00     11 (1.2E-16) 1.0E-01  1.9239957E+00    26

 Major Minors     Step   nCon Feasible  Optimal  MeritFunction    nS Penalty
    10      1  1.0E+00     12 (1.2E-16) 1.4E-01  1.9047037E+00    26
    11      1  1.0E+00     13 (1.2E-16) 1.7E-01  1.8818461E+00    26
    12      1  1.0E+00     14 (1.2E-16) 1.2E-01  1.8582205E+00    26           R
    13      1  1.0E+00     15 (1.2E-16) 1.3E-01  1.8478340E+00    26         s
    14      1  1.0E+00     16 (1.2E-16) 2.4E-01  1.8379758E+00    26
    15      1  1.0E+00     17 (1.2E-16) 7.6E-02  1.8204535E+00    26
    16      1  1.0E+00     18 (1.2E-16) 9.4E-02  1.8008935E+00    26
    17      1  1.0E+00     19 (1.2E-16) 2.3E-01  1.7783859E+00    26
    18      1  1.0E+00     20 (1.2E-16) 1.9E-01  1.7579895E+00    26
    19      1  1.0E+00     21 (1.2E-16) 7.4E-02  1.7356911E+00    26

 Major Minors     Step   nCon Feasible  Optimal  MeritFunction    nS Penalty
    20      1  1.0E+00     22 (1.2E-16) 1.4E-01  1.7132874E+00    26
    21      1  1.0E+00     23 (1.2E-16) 1.4E-01  1.6960416E+00    26
    22      1  1.0E+00     24 (1.2E-16) 5.8E-02  1.6879620E+00    26
    23      1  1.0E+00     25 (1.2E-16) 4.2E-02  1.6835332E+00    26           R
    24      1  1.0E+00     26 (1.2E-16) 6.9E-02  1.6810823E+00    26         s
    25      1  3.2E-01     28 (1.2E-16) 6.1E-02  1.6730993E+00    26
    26      1  2.0E-01     30 (1.1E-16) 4.0E-02  1.6657547E+00    26
    27      1  1.0E+00     31 (1.1E-16) 1.2E-01  1.6632078E+00    26
    28      1  2.7E-01     33 (1.1E-16) 9.7E-02  1.6597557E+00    26
    29      1  1.0E+00     34 (1.1E-16) 5.0E-02  1.6537425E+00    26

 Major Minors     Step   nCon Feasible  Optimal  MeritFunction    nS Penalty
    30      1  1.0E+00     35 (1.1E-16) 8.6E-02  1.6513618E+00    26
    31      1  1.0E+00     36 (1.1E-16) 2.2E-02  1.6462242E+00    26
    32      1  1.0E+00     37 (1.1E-16) 5.4E-02  1.6434350E+00    26
    33      1  1.0E+00     38 (1.1E-16) 4.3E-02  1.6390665E+00    26
    34      1  1.0E+00     39 (1.1E-16) 5.4E-03  1.6376020E+00    26           R
    35      1  1.0E+00     40 (1.1E-16) 2.2E-02  1.6372606E+00    26         s
    36      1  1.0E+00     41 (1.1E-16) 1.3E-01  1.6349811E+00    26
    37      1  3.9E-01     43 (1.1E-16) 1.3E-01  1.6304864E+00    26
    38      1  3.7E-01     45 (1.1E-16) 2.1E-02  1.6264750E+00    26
    39      1  1.0E+00     46 (1.1E-16) 5.3E-02  1.6249141E+00    26

 Major Minors     Step   nCon Feasible  Optimal  MeritFunction    nS Penalty
    40      1  1.0E+00     47 (1.1E-16) 3.1E-02  1.6237231E+00    26
    41      1  1.0E+00     48 (1.1E-16) 2.1E-02  1.6219699E+00    26
    42      1  1.0E+00     49 (1.1E-16) 5.9E-02  1.6200481E+00    26
    43      1  1.0E+00     50 (1.1E-16) 1.2E-01  1.6140945E+00    26
    44      1  1.0E+00     51 (1.1E-16) 1.4E-01  1.6064275E+00    26
    45      1  1.0E+00     52 (1.1E-16) 3.0E-02  1.5981397E+00    26           R
    46      1  5.1E-01     54 (1.1E-16) 2.5E-02  1.5960071E+00    26         s
    47      1  1.0E+00     55 (1.1E-16) 1.5E-02  1.5940602E+00    26
    48      1  1.0E+00     56 (1.1E-16) 2.2E-02  1.5928747E+00    26
    49      1  1.0E+00     57 (1.1E-16) 8.0E-03  1.5924246E+00    26

 Major Minors     Step   nCon Feasible  Optimal  MeritFunction    nS Penalty
    50      1  1.0E+00     58 (1.1E-16) 8.3E-03  1.5921930E+00    26
    51      1  1.0E+00     59 (1.1E-16) 5.5E-03  1.5918665E+00    26
    52      1  1.0E+00     60 (1.1E-16) 5.7E-03  1.5914927E+00    26
    53      1  1.0E+00     61 (1.1E-16) 3.4E-03  1.5914113E+00    26
    54      1  1.0E+00     62 (1.1E-16) 2.2E-03  1.5913488E+00    26
    55      1  1.0E+00     63 (1.1E-16) 5.7E-03  1.5912464E+00    26
    56      1  1.0E+00     64 (1.1E-16) 6.2E-03  1.5910105E+00    26           R
    57      1  1.0E+00     65 (1.1E-16) 5.5E-03  1.5909056E+00    26         s
    58      1  1.0E+00     66 (1.1E-16) 1.8E-03  1.5908221E+00    26
    59      1  1.0E+00     67 (1.1E-16) 2.8E-03  1.5907759E+00    26

 Major Minors     Step   nCon Feasible  Optimal  MeritFunction    nS Penalty
    60      1  1.0E+00     68 (1.1E-16) 1.7E-03  1.5907108E+00    26
    61      1  1.0E+00     69 (1.1E-16) 4.6E-03  1.5906512E+00    26
    62      1  1.0E+00     70 (1.1E-16) 3.4E-03  1.5905565E+00    26
    63      1  1.0E+00     71 (1.1E-16) 5.9E-03  1.5904407E+00    26
    64      1  1.0E+00     72 (1.1E-16) 4.1E-03  1.5903197E+00    26
    65      1  1.0E+00     73 (1.1E-16) 3.3E-03  1.5902131E+00    26
    66      1  1.0E+00     74 (1.1E-16) 5.7E-03  1.5900930E+00    26
    67      1  1.0E+00     75 (1.1E-16) 4.2E-03  1.5899124E+00    26           R
    68      1  1.0E+00     76 (1.1E-16) 5.4E-03  1.5898114E+00    26         s
    69      1  1.0E+00     77 (1.1E-16) 7.1E-03  1.5896692E+00    26

 Major Minors     Step   nCon Feasible  Optimal  MeritFunction    nS Penalty
    70      1  1.0E+00     78 (1.1E-16) 1.2E-02  1.5895367E+00    26
    71      1  1.0E+00     79 (1.1E-16) 5.3E-03  1.5893552E+00    26
    72      1  2.4E-01     81 (1.1E-16) 3.4E-03  1.5892862E+00    26
    73      1  1.0E+00     82 (1.1E-16) 4.0E-03  1.5892009E+00    26
    74      1  1.0E+00     83 (1.1E-16) 4.1E-03  1.5890386E+00    26
    75      1  1.0E+00     84 (1.1E-16) 2.4E-03  1.5888708E+00    26
    76      1  1.0E+00     85 (1.1E-16) 8.4E-03  1.5879731E+00    26
    77      1  1.0E+00     86 (1.1E-16) 9.4E-03  1.5864708E+00    26
    78      1  1.0E+00     87 (1.1E-16) 5.3E-03  1.5838143E+00    26           R
    79      1  1.0E+00     88 (1.1E-16) 8.4E-03  1.5833735E+00    26         s

 Major Minors     Step   nCon Feasible  Optimal  MeritFunction    nS Penalty
    80      1  1.0E+00     89 (1.1E-16) 1.7E-02  1.5828797E+00    26
    81      1  1.0E+00     90 (1.1E-16) 8.6E-03  1.5824879E+00    26
    82      1  1.0E+00     91 (1.1E-16) 1.2E-02  1.5821469E+00    26
    83      1  1.0E+00     92 (1.1E-16) 2.7E-03  1.5819789E+00    26
    84      1  1.0E+00     93 (1.1E-16)(9.4E-04) 1.5819258E+00    26
 
 SNOPTC EXIT   0 -- finished successfully
 SNOPTC INFO   1 -- optimality conditions satisfied

 Problem name                 O
 No. of iterations                 139   Objective value      1.5819257572E+00
 No. of major iterations            84   Linear objective     0.0000000000E+00
 Penalty parameter           0.000E+00   Nonlinear objective  1.5819257572E+00
 No. of calls to funobj             94   No. of calls to funcon             94
 No. of superbasics                 26   No. of basic nonlinears           118
 No. of degenerate steps             0   Percentage                       0.00
 Max x                      97 1.2E+00   Max pi                     55 8.2E+01
 Max Primal infeas           0 0.0E+00   Max Dual infeas            21 7.8E-02
 Nonlinear constraint violn    8.9E-16
 
 

 Solution printed on file  18
 
 Time for MPS input                             0.00 seconds
 Time for solving problem                     321.62 seconds
 Time for solution output                       0.03 seconds
 Time for constraint functions                328.59 seconds
 Time for objective function                    0.00 seconds
