
 ==============================
 S N O P T  7.2-5    (May 2007)
 ==============================
 
 SNMEMB EXIT 100 -- finished successfully
 SNMEMB INFO 104 -- memory requirements estimated

 ==============================
 S N O P T  7.2-5    (May 2007)
 ==============================
 
 

 Nonlinear constraints       1     Linear constraints       0
 Nonlinear variables        90     Linear variables         0
 Jacobian  variables        90     Objective variables     90
 Total constraints           1     Total variables         90
 

 
 The user has defined      90   out of      90   constraint gradients.
 The user has defined      90   out of      90   objective  gradients.
 

 Major Minors     Step   nCon Feasible  Optimal  MeritFunction    nS Penalty
     0     89               1  5.1E-02  7.2E-02  1.0191353E+01    89           r
     1      9  1.5E-01      2  4.6E-02  8.3E-02  1.0122084E+01    81 2.3E-01 n rl
     2     25  1.4E-01      3  5.1E-02  1.5E-01  9.7779350E+00    57 2.3E-01 s  l
     3     24  5.1E-01      5  9.4E-02  3.7E-01  9.1235695E+00    50 2.3E-01
     4     20  1.0E+00      6  2.3E-01  2.6E-01  8.8183353E+00    35 2.3E-01
     5     66  8.8E-01      9  2.6E-01  1.9E-01  6.8058782E+00    32 2.3E-01
     6     25  3.5E-01     11  2.5E-01  7.5E-02  6.3500126E+00    32 2.3E-01
     7     22  5.4E-01     13  2.6E-01  1.6E-01  5.8843433E+00    19 2.3E-01
     8     36  3.0E-01     15  2.6E-01  1.2E-01  5.7939735E+00    28 2.3E-01
     9     15  2.6E-01     17  2.7E-01  9.1E-02  5.7442047E+00    28 2.3E-01

 Major Minors     Step   nCon Feasible  Optimal  MeritFunction    nS Penalty
    10     17  3.7E-01     19  2.4E-01  1.9E-01  5.4853110E+00    14 2.3E-01
    11     12  8.9E-02     22  2.3E-01  1.0E-01  5.3683499E+00    11 2.3E-01
    12     18  1.9E-03     26  2.3E-01  9.6E-01  5.3650533E+00    28 2.3E-01   R
    13     11  2.8E-02     29  2.2E-01  4.4E-01  1.6404655E+01    22 3.0E+00 s
    14      4  3.0E-01     31  2.1E-01  7.4E-01  1.6259213E+01    21 3.0E+00
    15      7  3.2E-01     33  1.8E-01  1.1E-01  1.4042281E+01    21 3.0E+00
    16      8  3.4E-03     37  1.8E-01  1.8E-01  1.3994666E+01    16 3.0E+00
    17      8  7.0E-02     40  1.8E-01  3.1E-01  1.3605955E+01    17 3.0E+00
    18      4  8.1E-02     43  1.7E-01  5.6E-01  1.3364613E+01    16 3.0E+00
    19      5  6.3E-02     46  1.7E-01  8.4E-01  1.3270527E+01    18 3.0E+00

 Major Minors     Step   nCon Feasible  Optimal  MeritFunction    nS Penalty
    20      6  1.4E-01     49  1.7E-01  5.3E-01  1.3071465E+01    15 3.0E+00
    21     12  3.8E-01     51  1.6E-01  5.8E-01  1.2417952E+01    24 3.0E+00
    22     19  2.9E-01     53  1.4E-01  4.9E-01  1.2128064E+01    23 3.0E+00
    23     10  3.0E-01     55  1.3E-01  8.2E-01  1.1864125E+01    28 3.0E+00   R
    24     10  7.8E-02     58  1.3E-01  4.5E-01  1.1482655E+01    29 3.0E+00 s
    25      8  1.0E+00     59  1.3E-01  1.5E+00  1.1457570E+01    36 3.0E+00
    26      8  1.8E-01     62  1.1E-01  9.4E-01  1.0728812E+01    35 3.0E+00
    27      9  4.0E-02     65  1.0E-01  4.4E-01  1.0693188E+01    29 3.0E+00
    28     10  1.7E-02     68  1.0E-01  3.3E-01  1.9046033E+02    34 1.6E+02
    29     12  9.6E-02     71  9.4E-02  3.6E-01  1.7321102E+02    31 1.6E+02

 Major Minors     Step   nCon Feasible  Optimal  MeritFunction    nS Penalty
    30      2  6.2E-02     74  9.4E-02  5.2E-01  2.9416398E+01    32 1.3E+01
    31      8  4.0E-01     76  8.5E-02  3.9E-01  1.9059984E+01    31 5.0E+00
    32     12  2.5E-03     80  8.5E-02  5.1E-01  1.9039953E+01    36 5.0E+00
    33     16  3.7E-02     83  8.1E-02  6.1E-01  7.7447537E+01    39 7.1E+01
    34      8  1.5E-02     86  8.0E-02  4.8E-01  1.0293081E+02    36 1.0E+02   R
    35      8  2.8E-02     89  7.7E-02  2.9E-01  6.1838069E+02    39 7.3E+02 s
    36      7  2.7E-01     91  6.7E-02  2.6E-01  2.6339134E+02    43 2.9E+02
    37      3  8.8E-02     94  5.9E-02  2.2E-01  5.6595658E+02    41 7.7E+02
    38     14  3.2E-01     96  4.5E-02  3.7E-01  1.6676032E+02    42 1.1E+02
    39      4  1.0E+00     97  3.0E-02  7.2E-01  5.4325691E+01    39 1.1E+02

 Major Minors     Step   nCon Feasible  Optimal  MeritFunction    nS Penalty
    40      8  1.0E+00     98  2.5E-02  6.2E-01  4.7858695E+01    39 1.1E+02
    41     13  4.1E-01    100  2.4E-02  4.3E-01  4.0469105E+01    39 1.1E+02
    42     13  2.1E-01    103  2.4E-02  4.2E-01  3.6217576E+01    38 1.1E+02
    43     14  2.9E-02    108  2.3E-02  4.0E-01  3.4920699E+01    38 1.1E+02
    44     16  2.0E-01    111  2.4E-02  2.8E-01  3.2681218E+01    43 1.1E+02
    45      5  1.5E-01    113  1.9E-02  2.0E-01  2.9691782E+01    45 1.1E+02   R
    46      3  1.3E-03    117  1.9E-02  2.1E-01  5.8474114E+01    45 3.2E+02 s
    47      5  3.0E-02    120  1.8E-02  2.8E-01  1.9143333E+02    47 1.3E+03
    48      7  7.8E-02    123  1.7E-02  2.7E-01  2.8758526E+02    49 2.0E+03
    49      9  1.3E-01    126  1.6E-02  3.3E-01  2.8091784E+02    51 2.0E+03

 Major Minors     Step   nCon Feasible  Optimal  MeritFunction    nS Penalty
    50     13  5.9E-02    129  1.5E-02  1.7E-01  3.2593996E+02    57 2.5E+03
    51      9  4.4E-03    133  1.5E-02  1.4E-01  8.3919979E+02    61 7.9E+03
    52      7  1.6E-01    136  1.4E-02  3.6E-01  8.0838282E+02    55 7.9E+03
    53      1  4.1E-01    138  9.2E-03  4.7E-01  1.1885795E+03    55 1.3E+04
    54      8  3.1E-01    140  1.1E-02  2.1E-01  6.3376475E+02    58 9.1E+02
    55      7  1.0E+00    141  1.7E-02  6.1E-01  4.3985494E+02    56 3.4E+02
    56      5  1.0E+00    142  8.2E-03  1.3E-01  9.8517920E+01    58 3.4E+02   R
    57      8  2.4E-01    144  6.4E-03  1.1E-01  7.6007157E+02    57 1.1E+04 s
    58      6  1.0E+00    145  5.5E-03  1.3E-01  1.1573198E+02    58 1.7E+03
    59      3  1.0E+00    146  4.7E-03  2.3E-01  8.9882739E+01    58 1.7E+03

 Major Minors     Step   nCon Feasible  Optimal  MeritFunction    nS Penalty
    60      2  1.6E-01    148  4.1E-03  7.5E-02  8.9535540E+01    57 1.9E+03
    61      3  8.6E-02    150  3.8E-03  7.9E-02  1.5922049E+02    57 6.1E+03
    62      4  2.9E-01    152  3.6E-03  8.6E-02  9.5911420E+01    58 2.5E+03
    63      8  5.9E-01    154  3.0E-03  1.3E-01  9.1375003E+01    57 2.5E+03
    64      6  4.4E-01    156  2.7E-03  1.2E-01  7.9293641E+01    56 2.5E+03
    65      2  1.1E-01    158  2.5E-03  5.9E-02  8.0327687E+01    57 3.1E+03
    66      8  1.7E-01    160  2.1E-03  4.8E-02  6.8023556E+01    58 3.1E+03
    67      2  1.0E+00    161  2.5E-03  1.5E-01  3.6827396E+01    57 3.1E+03   R
    68      3  1.0E+00    162  1.5E-03  7.5E-02  2.4129048E+01    55 3.1E+03 s
    69      3  6.6E-01    164  1.1E-03  3.2E-01  1.9947784E+01    53 3.1E+03

 Major Minors     Step   nCon Feasible  Optimal  MeritFunction    nS Penalty
    70      2  5.6E-01    166  6.3E-04  1.2E-01  1.6813936E+01    52 3.1E+03
    71      4  1.1E-02    169  6.2E-04  7.5E-02  1.6784969E+01    53 3.1E+03
    72      8  2.3E-01    172  5.6E-04  1.0E-01  1.6381737E+01    56 3.1E+03
    73      8  4.6E-03    176  5.5E-04  1.1E-01  1.7264833E+01    49 5.9E+03
    74      2  3.9E-01    179  3.9E-04  6.6E-02  1.7084551E+01    50 7.3E+03
    75      2  2.5E-01    182  3.1E-04  4.7E-02  1.6184151E+01    51 7.3E+03
    76      6  3.6E-02    186  3.0E-04  4.4E-02  1.6093376E+01    54 7.3E+03
    77      6  1.3E-01    189  2.7E-04  7.5E-02  1.5804213E+01    51 7.3E+03
    78      6  2.1E-01    192  2.2E-04  4.2E-02  1.5330410E+01    54 7.3E+03   R
    79      2  2.8E-01    194  1.8E-04  4.2E-02  1.5318908E+01    55 7.7E+03 s

 Major Minors     Step   nCon Feasible  Optimal  MeritFunction    nS Penalty
    80      3  1.0E+00    195  4.5E-05  2.3E-02  1.4746492E+01    53 7.7E+03
    81      5  6.3E-01    197  2.0E-05  7.5E-02  1.4634519E+01    55 7.7E+03
    82      4  1.4E-01    199  8.8E-06  7.5E-02  1.4586819E+01    52 7.7E+03
    83      3  4.9E-01    201 (0.0E+00) 7.5E-02  1.4268636E+01    50 7.7E+03
    84     10  8.6E-02    204 (0.0E+00) 7.5E-02  1.4227815E+01    52 7.7E+03
    85      5  2.3E-01    207 (0.0E+00) 7.5E-02  1.4124480E+01    51 7.7E+03
    86      6  4.1E-01    210 (0.0E+00) 7.5E-02  1.3973874E+01    50 7.7E+03
    87      3  6.1E-01    212  5.5E-05  2.2E-01  1.3802633E+01    48 7.7E+03
    88      5  2.7E-01    215  7.8E-05  9.7E-02  1.3719200E+01    50 7.7E+03
    89      6  1.4E-01    218  9.6E-05  8.1E-02  1.3681019E+01    53 7.7E+03   R

 Major Minors     Step   nCon Feasible  Optimal  MeritFunction    nS Penalty
    90      4  2.5E-01    220  8.2E-05  6.5E-02  1.3657950E+01    52 7.7E+03 s
    91      4  3.6E-01    222  8.0E-05  7.5E-02  1.3641509E+01    51 7.7E+03
    92      4  5.6E-01    224  1.6E-05  7.5E-02  1.3561885E+01    48 7.7E+03
    93      5  7.4E-01    226  6.5E-05  5.8E-02  1.3459736E+01    52 7.7E+03
    94      6  1.3E-01    228  7.0E-05  7.1E-02  1.3442136E+01    53 7.7E+03
    95      3  1.3E-01    230  8.6E-05  8.5E-02  1.3418996E+01    51 7.7E+03
    96      1  4.3E-01    233  1.2E-04  8.3E-02  1.3315940E+01    51 7.7E+03
    97      3  2.4E-01    237  1.4E-04  6.2E-02  1.3285919E+01    53 7.7E+03
    98      4  1.0E+00    238  3.1E-05  7.2E-02  1.3208234E+01    52 7.7E+03
    99      2  2.9E-01    241  4.7E-05  4.5E-02  1.3175548E+01    51 7.7E+03

 Major Minors     Step   nCon Feasible  Optimal  MeritFunction    nS Penalty
   100      1  1.0E+00    242  6.6E-05  5.1E-02  1.3042444E+01    51 7.7E+03   R
   101      6  1.0E+00    243  1.5E-05  7.5E-02  1.3014524E+01    48 7.7E+03 s
   102      4  1.0E+00    245  2.5E-05  3.2E-02  1.2904970E+01    45 7.7E+03  m
   103      7  3.4E-01    248  1.2E-04  1.2E-01  1.2855146E+01    49 7.7E+03
   104      7  1.0E-02    251  1.2E-04  1.1E-01  1.2850642E+01    49 7.7E+03
   105      5  4.9E-02    254  1.2E-04  7.4E-02  1.2826215E+01    49 7.7E+03
   106      3  3.2E-02    256  1.2E-04  5.0E-02  1.2809605E+01    51 7.7E+03
   107      2  7.6E-02    258  1.3E-04  3.8E-02  1.2786274E+01    50 7.7E+03
   108      3  2.5E-01    261  1.6E-04  3.7E-02  1.2723599E+01    50 7.7E+03
   109      3  2.3E-02    265  1.5E-04  3.2E-02  1.2711405E+01    50 7.7E+03

 Major Minors     Step   nCon Feasible  Optimal  MeritFunction    nS Penalty
   110      2  1.8E-01    268  1.5E-04  2.3E-02  1.2680734E+01    49 7.7E+03
   111      2  1.0E+00    269  7.2E-05  2.6E-02  1.2597115E+01    50 7.7E+03   R
   112      3  1.0E+00    270  4.2E-05  1.4E-02  1.2528343E+01    48 7.7E+03 s
   113      4  9.1E-01    273  4.1E-05  1.3E-02  1.2455833E+01    45 7.7E+03
   114      4  5.0E-01    275  5.9E-05  3.4E-02  1.2424113E+01    44 7.7E+03
   115      5  2.3E-01    278  1.0E-04  2.3E-02  1.2416655E+01    46 7.7E+03
   116      5  2.9E-01    281  8.9E-05  1.1E-02  1.2391274E+01    44 7.7E+03
   117      4  5.7E-01    283  6.7E-05  8.7E-03  1.2318655E+01    43 7.7E+03
   118      2  1.2E-01    288  6.5E-05  1.3E-02  1.2309057E+01    44 7.7E+03
   119      2  4.1E-01    291  7.4E-05  2.0E-02  1.2274340E+01    43 7.7E+03

 Major Minors     Step   nCon Feasible  Optimal  MeritFunction    nS Penalty
   120      2  3.0E-02    295  7.3E-05  2.4E-02  1.2270747E+01    42 7.7E+03
   121      2  2.4E-02    299  7.2E-05  2.4E-02  1.2267513E+01    43 7.7E+03
   122      3  3.9E-01    302  7.7E-05  1.8E-02  1.2244306E+01    45 7.7E+03   R
   123      4  1.0E+00    303  3.1E-05  9.1E-03  1.2209806E+01    44 7.7E+03 s
   124      2  6.4E-01    305  2.8E-05  7.7E-03  1.2191973E+01    43 7.7E+03
   125      3  5.7E-01    307  2.5E-05  6.4E-03  1.2177954E+01    45 7.7E+03
   126      4  3.7E-01    310  3.0E-05  1.0E-02  1.2163444E+01    42 7.7E+03
   127      2  2.3E-01    313  5.1E-05  1.1E-02  1.2156472E+01    43 7.7E+03
   128      5  5.8E-01    315  3.8E-05  9.2E-03  1.2146322E+01    43 7.7E+03
   129      7  2.3E-01    318  6.0E-05  1.1E-02  1.2132637E+01    47 7.7E+03

 Major Minors     Step   nCon Feasible  Optimal  MeritFunction    nS Penalty
   130      3  1.3E-02    322  6.0E-05  1.1E-02  1.2132250E+01    45 7.7E+03
   131      4  2.0E-01    325  6.0E-05  1.6E-02  1.2121155E+01    46 7.7E+03
   132      1  6.2E-01    327  9.6E-05  1.9E-02  1.2107998E+01    46 7.7E+03
   133      2  2.1E-01    330  8.6E-05  9.2E-03  1.2094842E+01    47 7.7E+03   R
   134      3  1.0E+00    331  3.8E-05  5.8E-03  1.2068527E+01    45 7.7E+03 s
   135      2  1.0E+00    332  1.1E-05  6.3E-03  1.2052041E+01    44 7.7E+03
   136      2  1.0E+00    333  3.8E-05  1.2E-02  1.2041151E+01    45 7.7E+03
   137      3  1.0E+00    334  8.8E-06  9.5E-03  1.2024370E+01    45 7.7E+03
   138      4  2.1E-01    337  1.0E-05  9.1E-03  1.2014542E+01    42 7.7E+03
   139      6  3.5E-01    340  6.3E-05  7.0E-03  1.1994141E+01    45 7.7E+03

 Major Minors     Step   nCon Feasible  Optimal  MeritFunction    nS Penalty
   140      3  5.2E-01    342  6.9E-05  2.5E-02  1.1973900E+01    45 7.7E+03
   141      2  2.8E-01    345  8.9E-05  2.7E-02  1.1960907E+01    44 7.7E+03
   142      1  2.0E-01    348  9.4E-05  2.5E-02  1.1954538E+01    44 7.7E+03
   143      1  1.0E+00    349  9.9E-05  9.7E-03  1.1921818E+01    44 7.7E+03
   144      3  1.0E+00    350  1.0E-04  3.0E-02  1.1911177E+01    46 7.7E+03   R
   145      1  1.0E+00    351  9.7E-05  7.6E-03  1.1896747E+01    46 7.7E+03 s
   146      3  1.0E+00    352  1.5E-05  7.4E-03  1.1876039E+01    44 7.7E+03
   147      1  1.0E+00    353  4.5E-06  5.2E-03  1.1865250E+01    44 7.7E+03
   148      1  1.0E+00    354  1.3E-05  7.5E-03  1.1855630E+01    44 7.7E+03
   149      3  1.0E+00    355  1.1E-05  1.2E-02  1.1846891E+01    46 7.7E+03

 Major Minors     Step   nCon Feasible  Optimal  MeritFunction    nS Penalty
   150      3  1.0E+00    356  1.4E-05  7.6E-03  1.1840656E+01    44 7.7E+03
   151      3  5.4E-01    358  3.9E-05  8.3E-03  1.1838028E+01    46 7.7E+03
   152      2  1.0E+00    359  1.9E-05  7.0E-03  1.1830833E+01    45 7.7E+03
   153      2  1.0E+00    360  5.4E-06  6.9E-03  1.1822882E+01    44 7.7E+03
   154      1  5.2E-01    362  1.4E-05  6.8E-03  1.1819537E+01    44 7.7E+03
   155      2  3.2E-01    364  2.1E-05  1.3E-02  1.1816959E+01    45 7.7E+03   R
   156      2  1.0E+00    365  1.8E-05  5.0E-03  1.1812131E+01    44 7.7E+03 s
   157      1  1.0E+00    366  1.4E-06  3.7E-03  1.1808997E+01    44 7.7E+03
   158      3  1.0E+00    367  4.2E-06  2.9E-03  1.1804244E+01    46 7.7E+03
   159      4  1.0E+00    368  8.6E-06  9.0E-03  1.1800447E+01    43 7.7E+03

 Major Minors     Step   nCon Feasible  Optimal  MeritFunction    nS Penalty
   160      1  1.0E+00    369  3.8E-06  6.5E-03  1.1795498E+01    43 7.7E+03
   161      2  1.0E+00    370  4.7E-06  5.4E-03  1.1791889E+01    44 7.7E+03
   162      2  1.0E+00    371  3.1E-05  3.5E-03  1.1791575E+01    43 7.7E+03
   163      2  1.0E+00    372  5.2E-06  3.4E-03  1.1783206E+01    42 7.7E+03
   164      1  1.0E+00    373  9.5E-06  3.8E-03  1.1772966E+01    42 7.7E+03
   165      1  1.0E+00    374  6.3E-06  4.1E-03  1.1770929E+01    42 7.7E+03
   166      1  1.0E+00    375  2.0E-06  2.8E-03  1.1768255E+01    42 7.7E+03   R
   167      1  1.0E+00    376  1.5E-06  1.7E-03  1.1767089E+01    42 7.7E+03 s
   168      1  1.0E+00    377  1.6E-06  1.5E-03  1.1765569E+01    42 7.7E+03
   169      1  1.0E+00    378  3.1E-06  3.5E-03  1.1763982E+01    42 7.7E+03

 Major Minors     Step   nCon Feasible  Optimal  MeritFunction    nS Penalty
   170      1  1.0E+00    379  2.4E-06  3.4E-03  1.1762009E+01    42 7.7E+03
   171      1  1.0E+00    380  7.1E-06  5.1E-03  1.1757982E+01    42 7.7E+03
   172      1  1.0E+00    381  4.6E-06  5.8E-03  1.1753477E+01    42 7.7E+03
   173      1  1.0E+00    382  1.6E-05  5.6E-03  1.1746782E+01    42 7.7E+03
   174      1  1.0E+00    383  1.6E-05  4.0E-03  1.1742988E+01    42 7.7E+03
   175      1  3.6E-01    386  1.3E-05  4.3E-03  1.1741517E+01    42 7.7E+03
   176      1  1.0E+00    387  1.9E-05  3.2E-03  1.1739754E+01    42 7.7E+03
   177      1  1.0E+00    388  8.3E-06  2.2E-03  1.1737060E+01    42 7.7E+03   R
   178      1  1.0E+00    389  1.3E-06  1.9E-03  1.1735788E+01    42 7.7E+03 s
   179      1  1.0E+00    390  6.5E-06  1.2E-03  1.1734461E+01    42 7.7E+03

 Major Minors     Step   nCon Feasible  Optimal  MeritFunction    nS Penalty
   180      1  1.0E+00    391  4.0E-06  1.3E-03  1.1733802E+01    42 7.7E+03
   181      1  1.0E+00    392  1.6E-06  7.2E-04  1.1733405E+01    42 7.7E+03
   182      1  1.0E+00    393  1.0E-06  9.9E-04  1.1732943E+01    42 7.7E+03
   183      1  1.0E+00    394  1.7E-06  1.1E-03  1.1732221E+01    42 7.7E+03
   184      1  1.0E+00    395  3.2E-06  2.3E-03  1.1731741E+01    42 7.7E+03
   185      1  1.0E+00    396  2.5E-06  8.4E-04  1.1730423E+01    42 7.7E+03
   186      1  1.0E+00    397  1.4E-06  1.2E-03  1.1729486E+01    42 7.7E+03
   187      1  1.0E+00    398  4.6E-06  2.2E-03  1.1728679E+01    42 7.7E+03
   188      1  1.0E+00    399  3.0E-06  9.2E-04  1.1727635E+01    42 7.7E+03   R
   189      1  1.0E+00    400  1.7E-06  1.2E-03  1.1727110E+01    42 7.7E+03 s

 Major Minors     Step   nCon Feasible  Optimal  MeritFunction    nS Penalty
   190      1  1.0E+00    401 (8.9E-07) 8.2E-04  1.1726632E+01    42 7.7E+03
   191      1  1.0E+00    402  1.0E-06  8.2E-04  1.1726080E+01    42 7.7E+03
   192      1  1.0E+00    403  1.0E-06  8.6E-04  1.1725462E+01    42 7.7E+03
   193      1  1.0E+00    404  1.2E-06  8.7E-04  1.1724938E+01    42 7.7E+03
   194      1  1.0E+00    405 (6.7E-07) 3.8E-04  1.1724551E+01    42 7.7E+03
   195      1  1.0E+00    406 (3.5E-07) 7.3E-04  1.1724313E+01    42 7.7E+03
   196      1  1.0E+00    407 (4.4E-07) 7.8E-04  1.1723986E+01    42 7.7E+03
   197      1  1.0E+00    408 (7.9E-07) 9.8E-04  1.1723483E+01    42 7.7E+03
   198      1  1.0E+00    409 (9.6E-07) 1.2E-03  1.1722813E+01    42 7.7E+03
   199      1  1.0E+00    410  1.3E-06  1.1E-03  1.1722160E+01    42 7.7E+03   R

 Major Minors     Step   nCon Feasible  Optimal  MeritFunction    nS Penalty
   200      1  1.0E+00    411 (6.7E-07) 5.6E-04  1.1721872E+01    42 7.7E+03 s
   201      1  1.0E+00    412 (9.0E-07) 3.0E-04  1.1721591E+01    42 7.7E+03
   202      1  1.0E+00    413 (3.1E-07) 3.9E-04  1.1721574E+01    42 7.7E+03
   203      1  1.0E+00    414 (1.4E-07) 1.4E-04  1.1721524E+01    42 7.7E+03
   204      1  1.0E+00    415 (6.4E-08) 2.2E-04  1.1721513E+01    42 7.7E+03
   205      1  1.0E+00    416 (1.4E-08) 1.2E-04  1.1721494E+01    42 7.7E+03
   206      1  1.0E+00    417 (8.4E-08) 1.8E-04  1.1721453E+01    42 7.7E+03
   207      1  1.0E+00    418 (5.8E-08) 2.5E-04  1.1721424E+01    42 7.7E+03
   208      1  1.0E+00    419 (5.2E-08) 1.8E-04  1.1721395E+01    42 7.7E+03
   209      1  1.0E+00    420 (6.1E-08) 1.1E-04  1.1721372E+01    42 7.7E+03

 Major Minors     Step   nCon Feasible  Optimal  MeritFunction    nS Penalty
   210      1  1.0E+00    421 (2.9E-08)(9.7E-05) 1.1721359E+01    42 7.7E+03   R
 
 SNOPTC EXIT   0 -- finished successfully
 SNOPTC INFO   1 -- optimality conditions satisfied

 Problem name                 O
 No. of iterations                1178   Objective value      1.1721349730E+01
 No. of major iterations           210   Linear objective     0.0000000000E+00
 Penalty parameter           7.744E+03   Nonlinear objective  1.1721349730E+01
 No. of calls to funobj            422   No. of calls to funcon            422
 No. of superbasics                 42   No. of basic nonlinears             1
 No. of degenerate steps             0   Percentage                       0.00
 Max x                       3 1.8E+01   Max pi                      1 1.4E+01
 Max Primal infeas           0 0.0E+00   Max Dual infeas            33 1.4E-03
 Nonlinear constraint violn    6.6E-07
 
 

 Solution printed on file  18
 
 Time for MPS input                             0.00 seconds
 Time for solving problem                  181004.48 seconds
 Time for solution output                       0.02 seconds
 Time for constraint functions             181961.25 seconds
 Time for objective function                    0.00 seconds
