
         ==============================
         S N O P T  7.2-5    (May 2007)
         ==============================
      Minor feasibility tolerance  1.00000000E-06
      Major feasibility tolerance  1.00000000E-05
      Major optimality tolerance  1.00000000E-05
      Major iterations limit           50000
      Summary file 19
      Print file 18
      Derivative level               3
1
 
 SNMEMB EXIT 100 -- finished successfully
 SNMEMB INFO 104 -- memory requirements estimated

         ==============================
         S N O P T  7.2-5    (May 2007)
         ==============================
      Minor feasibility tolerance  1.00000000E-06
      Major feasibility tolerance  1.00000000E-05
      Major optimality tolerance  1.00000000E-05
      Major iterations limit           50000
      Summary file 19
      Print file 18
      Derivative level               3
1
 
 Parameters
 ==========

 Files
 -----
 Solution file..........         0       Old basis file ........         0       Standard input.........         5
 Insert file............         0       New basis file ........         0       (Printer)..............        18
 Punch file.............         0       Backup basis file......         0       (Specs file)...........         0
 Load file..............         0       Dump file..............         0       Standard output........         6

 Frequencies
 -----------
 Print frequency........       100       Check frequency........        60       Save new basis map.....       100
 Summary frequency......       100       Factorization frequency        50       Expand frequency.......     10000

 QP subproblems
 --------------
 QPsolver Cholesky......
 Scale tolerance........     0.900       Minor feasibility tol..  1.00E-06       Iteration limit........     10000
 Scale option...........         0       Minor optimality  tol..  1.00E-06       Minor print level......         1
 Crash tolerance........     0.100       Pivot tolerance........  3.25E-11       Partial price..........         1
 Crash option...........         3       Elastic weight.........  1.00E+04       Prtl price section ( A)        90
                                         New superbasics........        99       Prtl price section (-I)         1

 The SQP Method
 --------------
 Minimize...............                 Cold start.............                 Proximal Point method..         1
 Nonlinear objectiv vars        90       Major optimality tol...  1.00E-05       Function precision.....  3.00E-13
 Unbounded step size....  1.00E+20       Superbasics limit......        90       Difference interval....  5.48E-07
 Unbounded objective....  1.00E+15       Reduced Hessian dim....        90       Central difference int.  6.70E-05
 Major step limit.......  2.00E+00       Derivative linesearch..                 Derivative level.......         3
 Major iterations limit.     50000       Linesearch tolerance...   0.90000       Verify level...........         0
 Minor iterations limit.       500       Penalty parameter......  0.00E+00       Major Print Level......         1

 Hessian Approximation
 ---------------------
 Limited-Memory Hessian.                 Hessian updates........        10       Hessian frequency......  99999999
                                                                                 Hessian flush..........  99999999

 Nonlinear constraints
 ---------------------
 Nonlinear constraints..         1       Major feasibility tol..  1.00E-05       Violation limit........  1.00E+06
 Nonlinear Jacobian vars        90

 Miscellaneous
 -------------
 LU factor tolerance....      3.99       LU singularity tol.....  3.25E-11       Timing level...........         3
 LU update tolerance....      3.99       LU swap tolerance......  1.22E-04       Debug level............         0
 LU partial  pivoting...                 eps (machine precision)  2.22E-16       System information.....        No
1
 

 

 Matrix statistics
 -----------------
               Total      Normal        Free       Fixed     Bounded
 Rows              1           1           0           0           0
 Columns          90           0           0           0          90

 No. of matrix elements                   90     Density     100.000
 Biggest                          0.0000E+00  (excluding fixed columns,
 Smallest                         0.0000E+00   free rows, and RHS)

 No. of objective coefficients             0

 Nonlinear constraints       1     Linear constraints       0
 Nonlinear variables        90     Linear variables         0
 Jacobian  variables        90     Objective variables     90
 Total constraints           1     Total variables         90
1
 

 
 The user has defined      90   out of      90   constraint gradients.
 The user has defined      90   out of      90   objective  gradients.

 Cheap test of user-supplied problem derivatives...

 The constraint gradients seem to be OK.

 -->  The largest discrepancy was    1.05E-07  in constraint    91
 

 The objective  gradients seem to be OK.

 Gradient projected in one direction   1.41753616341E-03
 Difference approximation              1.41753611763E-03
1
 
 

   Itns Major Minors    Step   nCon Feasible  Optimal  MeritFunction     L+U BSwap     nS  condHz Penalty
     89     0     89              1  5.2E-02  6.7E-02  1.0191353E+01       1           89 2.1E+00         _  r
     98     1      9 1.5E-01      2  4.6E-02  9.4E-02  1.0130696E+01       1           81 1.2E+00 2.3E-01 _n rl
    124     2     26 1.5E-01      3  4.7E-02  7.9E-02  9.8116653E+00       1     1     56 4.9E+00 2.3E-01 _s  l
    146     3     22 5.1E-01      5  8.6E-02  3.5E-01  9.0996732E+00       1     1     47 7.0E+02 2.3E-01 _
    168     4     22 4.3E-01      7  1.2E-01  1.5E-01  8.6907590E+00       1           32 1.8E+03 2.3E-01 _
    194     5     26 6.4E-01      9  1.8E-01  1.6E-01  6.9084509E+00       1           24 3.0E+05 2.3E-01 _
    237     6     43 4.1E-01     11  2.1E-01  1.3E-01  6.6052049E+00       1     1     17 1.5E+05 2.3E-01 _
    274     7     37 2.9E-01     13  2.4E-01  1.3E-01  6.5781935E+00       1           13 5.6E+01 2.3E-01 _
    303     8     29 1.0E-01     16  2.4E-01  1.2E-01  6.4764017E+00       1           26 1.3E+04 2.3E-01 _
    329     9     26 5.8E-01     18  2.3E-01  3.1E-01  6.0578846E+00       1     1     12 5.9E+05 2.3E-01 _
    351    10     22 3.9E-01     20  2.3E-01  1.4E-01  5.8520687E+00       1     1     12 1.6E+05 2.3E-01 _
    361    11     10 3.0E-01     22  2.5E-01  1.6E-01  5.7514504E+00       1     1     11 1.4E+04 2.3E-01 _
    366    12      5 3.1E-01     24  2.5E-01  1.4E+00  5.6242214E+00       1     1     13 8.8E+01 2.3E-01 _  R
    370    13      4 9.1E-02     26  2.3E-01  1.6E-01  6.7545601E+00       1           14 8.7E+01 5.2E-01 _s
    372    14      2 7.9E-02     29  2.3E-01  7.2E-01  6.7149952E+00       1     1     15 1.4E+02 5.2E-01 _
    377    15      5 2.3E-01     31  2.1E-01  6.1E-01  6.6695653E+00       1     1     19 2.4E+02 5.2E-01 _
    379    16      2 4.5E-04     35  2.1E-01  5.5E-01  9.0032056E+00       1           18 2.4E+02 1.3E+00 _
    384    17      5 4.2E-02     38  2.0E-01  2.9E-01  8.9389939E+00       1           22 2.6E+02 1.3E+00 _
    389    18      5 5.3E-02     41  1.9E-01  3.6E-01  8.8576328E+00       1           18 3.6E+02 1.3E+00 _
    396    19      7 3.6E-02     44  1.9E-01  3.5E-01  8.9808873E+00       1           18 1.2E+03 1.3E+00 _

   Itns Major Minors    Step   nCon Feasible  Optimal  MeritFunction     L+U BSwap     nS  condHz Penalty
    402    20      6 1.9E-01     46  1.6E-01  2.7E-01  8.6343586E+00       1     1     17 3.6E+02 1.3E+00 _
    406    21      4 8.0E-02     49  1.6E-01  2.8E-01  8.5758242E+00       1           16 3.0E+02 1.3E+00 _
    410    22      4 6.9E-02     52  1.5E-01  8.8E-01  8.5632604E+00       1           19 4.6E+02 1.3E+00 _
    416    23      6 2.4E-02     55  1.5E-01  9.3E-01  8.5281155E+00       1           24 2.4E+02 1.3E+00 _  R
    420    24      4 2.5E-02     58  1.5E-01  4.8E-01  1.8026888E+01       1           27 6.4E+02 6.7E+00 _s
    426    25      6 5.4E-02     61  1.4E-01  6.8E-01  1.7733353E+01       1     1     28 5.1E+02 6.7E+00 _
    429    26      3 1.7E-02     64  1.4E-01  4.2E-01  1.9236329E+01       1           28 5.3E+02 7.7E+00 _
    433    27      4 4.8E-02     67  1.3E-01  2.6E-01  2.5660328E+01       1           27 1.7E+03 1.2E+01 _
    439    28      6 7.1E-02     70  1.2E-01  1.8E-01  2.4750514E+01       1           30 1.4E+03 1.2E+01 _
    440    29      1 9.9E-02     73  1.1E-01  3.9E-01  1.3955232E+01       1     1     30 8.6E+02 3.8E+00 _
    442    30      2 4.0E-02     76  1.0E-01  4.1E-01  2.3050793E+01       1           31 5.3E+02 1.1E+01 _
    445    31      3 2.3E-01     78  7.6E-02  1.4E-01  2.1070032E+01       1           33 5.7E+02 1.1E+01 _
    448    32      3 1.0E+00     79  4.2E-02  1.1E+00  2.0983653E+01       1     1     33 5.1E+02 1.1E+01 _
    496    33     48 1.0E+00     80  3.8E-02  3.1E-01  1.8456717E+01       1           26 1.1E+06 1.1E+01 _
    513    34     17 4.9E-01     82  4.4E-02  4.5E-01  1.3548605E+01       1           38 7.1E+02 1.1E+01 _  R
    515    35      2 3.4E-01     84  4.1E-02  2.7E-01  1.3105008E+01       1     1     39 7.1E+02 1.1E+01 _s
    520    36      5 7.8E-02     87  3.8E-02  1.6E-01  1.1763907E+02       1           43 7.1E+02 3.2E+02 _
    524    37      4 2.7E-01     89  3.4E-02  3.4E-01  5.1213600E+01       1     1     40 7.1E+02 1.0E+02 _
    529    38      5 7.0E-02     91  3.2E-02  1.6E-01  9.9723351E+01       1           42 7.5E+02 2.9E+02 _
    534    39      5 9.0E-02     94  3.0E-02  2.2E-01  9.7961488E+01       1     1     42 7.7E+02 2.9E+02 _

   Itns Major Minors    Step   nCon Feasible  Optimal  MeritFunction     L+U BSwap     nS  condHz Penalty
    538    40      4 3.7E-01     96  2.5E-02  3.6E-01  9.4556526E+01       1     1     41 7.1E+02 2.9E+02 _
    549    41     11 2.3E-01     98  2.1E-02  2.5E-01  8.7708522E+01       1     1     45 9.1E+02 2.9E+02 _
    562    42     13 1.5E-01    100  1.8E-02  3.5E-01  8.2834516E+01       1           45 1.4E+03 2.9E+02 _
    573    43     11 1.0E+00    101  1.6E-02  7.2E-01  2.9568738E+01       1     1     41 8.5E+02 6.8E+01 _
    584    44     11 6.0E-01    103  1.4E-02  1.8E-01  1.8899691E+01       1     1     45 1.8E+03 6.8E+01 _
    592    45      8 8.0E-03    106  1.4E-02  2.1E-01  2.4535825E+01       1           44 1.2E+03 1.3E+02 _  R
    597    46      5 2.9E-02    109  1.4E-02  1.1E-01  1.2941243E+02       1           42 1.9E+03 1.3E+03 _s
    603    47      6 3.5E-01    111  1.1E-02  3.5E-01  1.1710114E+02       1     1     43 1.2E+03 1.3E+03 _
    611    48      8 2.0E-01    113  1.0E-02  1.5E-01  4.9792567E+01       1     1     44 2.0E+03 2.9E+02 _
    617    49      6 4.0E-01    115  9.9E-03  1.2E-01  4.1870641E+01       1           43 1.5E+03 2.9E+02 _
    623    50      6 6.3E-02    118  9.8E-03  1.7E-01  4.1328166E+01       1           46 1.4E+03 2.9E+02 _
    629    51      6 4.7E-03    122  9.8E-03  1.8E-01  4.1248330E+01       1           47 1.5E+03 2.9E+02 _
    633    52      4 3.3E-01    124  7.3E-03  1.9E-01  4.4436229E+01       1     1     48 1.4E+03 4.1E+02 _
    641    53      8 5.7E-01    126  5.4E-03  8.0E-02  2.9333617E+01       1     1     51 1.3E+03 4.1E+02 _
    647    54      6 1.9E-01    128  4.5E-03  6.4E-02  2.7118269E+01       1           48 1.3E+03 4.1E+02 _
    654    55      7 9.3E-02    130  4.1E-03  3.9E-02  2.5952795E+01       1           46 1.4E+03 4.1E+02 _
    658    56      4 6.0E-01    132  3.0E-03  1.2E-01  1.9998641E+01       1     1     47 3.1E+03 4.1E+02 _  R
    662    57      4 3.9E-01    136  1.9E-03  3.7E-02  3.5440218E+01       1           46 3.1E+03 3.3E+03 _s
    666    58      4 1.0E+00    137  3.8E-03  4.5E-01  2.5690260E+01       1     1     45 3.1E+03 9.2E+02 _
    668    59      2 4.6E-01    139  3.8E-03  1.5E-01  2.4960638E+01       1     1     44 3.0E+03 9.2E+02 _

   Itns Major Minors    Step   nCon Feasible  Optimal  MeritFunction     L+U BSwap     nS  condHz Penalty
    673    60      5 1.8E-01    141  3.2E-03  7.5E-02  2.1388044E+01       1           44 3.0E+03 9.2E+02 _
    675    61      2 2.4E-01    144  2.8E-03  6.0E-02  1.8748902E+01       1           43 3.1E+03 9.2E+02 _
    681    62      6 5.0E-01    146  2.7E-03  7.7E-02  1.8399627E+01       1     1     42 3.1E+03 9.2E+02 _
    689    63      8 1.4E-01    149  2.7E-03  1.3E-01  1.8379678E+01       1           47 4.3E+03 9.2E+02 _
    694    64      5 3.2E-01    151  2.5E-03  4.0E-02  1.7585168E+01       1     1     47 3.9E+03 9.2E+02 _
    699    65      5 5.8E-01    153  1.4E-03  3.0E-02  1.5972367E+01       1           49 4.0E+03 9.2E+02 _
    704    66      5 4.0E-01    155  9.7E-04  3.9E-02  1.5706805E+01       1           45 4.0E+03 9.2E+02 _
    711    67      7 2.7E-01    157  7.3E-04  3.8E-02  1.5383972E+01       1     1     51 3.6E+03 9.2E+02 _  R
    717    68      6 3.3E-01    159  5.6E-04  3.5E-02  1.6755659E+01       1     1     50 3.6E+03 4.0E+03 _s
    720    69      3 6.4E-01    161  2.5E-04  4.2E-02  1.5208131E+01       1           48 3.7E+03 4.0E+03 _
    723    70      3 5.7E-01    163  1.2E-04  2.9E-02  1.4510289E+01       1           48 3.7E+03 4.0E+03 _
    727    71      4 1.0E+00    164  3.7E-05  1.8E-02  1.4171954E+01       1           47 3.7E+03 4.0E+03 _
    732    72      5 3.5E-02    166  3.7E-05  1.4E-02  1.4158203E+01       1           47 3.3E+03 4.0E+03 _
    737    73      5 1.9E-01    171  1.2E-04  3.5E-02  1.4029739E+01       1           51 4.9E+03 4.0E+03 _
    744    74      7 6.3E-01    173  8.5E-05  1.5E-02  1.3757498E+01       1           47 3.3E+03 4.0E+03 _
    747    75      3 3.2E-01    176  1.2E-04  1.4E-02  1.3602458E+01       1           47 3.4E+03 4.0E+03 _
    751    76      4 6.8E-02    179  1.1E-04  9.3E-03  1.3581316E+01       1           48 4.5E+03 4.0E+03 _
    756    77      5 6.5E-01    181  1.2E-04  1.3E-02  1.3448574E+01       1     1     44 3.6E+03 4.0E+03 _
    759    78      3 2.9E-01    184  1.1E-04  1.8E-02  1.3412060E+01       1           46 3.7E+03 4.0E+03 _  R
    763    79      4 1.0E+00    185  5.5E-05  7.0E-03  1.3323967E+01       1           45 3.5E+03 4.0E+03 _s

   Itns Major Minors    Step   nCon Feasible  Optimal  MeritFunction     L+U BSwap     nS  condHz Penalty
    769    80      6 3.2E-01    188  6.0E-05  7.9E-03  1.3296563E+01       1           42 4.2E+03 4.0E+03 _
    773    81      4 4.0E-01    191  7.6E-05  1.2E-02  1.3220637E+01       1           43 3.3E+03 4.0E+03 _
    783    82     10 3.6E-01    194  1.3E-04  2.1E-02  1.3158997E+01       1           44 5.1E+03 4.0E+03 _
    788    83      5 6.1E-01    196  1.9E-04  3.1E-02  1.3115760E+01       1           44 3.4E+03 4.0E+03 _
    794    84      6 2.9E-01    199  1.5E-04  1.8E-02  1.3055356E+01       1           43 3.5E+03 4.0E+03 _
    805    85     11 1.7E-01    202  1.6E-04  1.6E-02  1.3017849E+01       1           39 3.8E+03 4.0E+03 _
    815    86     10 1.8E-02    206  1.6E-04  2.5E-02  1.3002618E+01       1           48 8.6E+03 4.0E+03 _
    820    87      5 3.9E-01    208  1.6E-04  1.3E-02  1.2947357E+01       1           44 6.3E+03 4.0E+03 _
    828    88      8 3.6E-01    211  1.3E-04  1.2E-02  1.2855577E+01       1           41 5.5E+03 4.0E+03 _
    838    89     10 3.2E-01    215  2.4E-04  2.2E-02  1.2780460E+01       1     1     48 3.8E+03 4.0E+03 _  R
    840    90      2 1.8E-01    218  2.1E-04  1.6E-02  1.2731545E+01       1           47 4.7E+03 4.0E+03 _s
    842    91      2 6.5E-01    220  2.0E-04  1.7E-02  1.2620427E+01       1           48 3.9E+03 4.0E+03 _
    843    92      1 1.0E+00    221  6.6E-05  2.7E-02  1.2704095E+01       1           48 4.1E+03 1.2E+04 _
    846    93      3 1.0E+00    222  1.1E-05  2.0E-02  1.2579093E+01       1           46 4.3E+03 3.5E+03 _
    849    94      3 1.0E+00    223  1.5E-05  1.4E-02  1.2540974E+01       1           46 5.6E+03 3.5E+03 _
    852    95      3 6.4E-01    225  3.1E-05  7.8E-03  1.2521573E+01       1           46 3.4E+03 3.5E+03 _
    855    96      3 1.0E+00    226 (4.4E-06) 5.9E-03  1.2501178E+01       1           44 3.1E+03 3.5E+03 _
    861    97      6 1.0E+00    227  2.6E-05  1.5E-02  1.2460250E+01       1           47 2.9E+03 3.5E+03 _
    865    98      4 4.3E-01    230  2.0E-05  1.4E-02  1.2445195E+01       1           46 3.3E+03 3.5E+03 _
    867    99      2 6.4E-01    232  8.0E-05  1.8E-02  1.2382575E+01       1           47 4.4E+03 3.5E+03 _

   Itns Major Minors    Step   nCon Feasible  Optimal  MeritFunction     L+U BSwap     nS  condHz Penalty
    871   100      4 1.8E-01    235  1.2E-04  3.2E-02  1.2360463E+01       1     1     48 3.3E+03 3.5E+03 _  R
    874   101      3 6.0E-01    237  7.3E-05  1.4E-02  1.2352065E+01       1           48 3.2E+03 3.8E+03 _s
    877   102      3 1.0E+00    238  5.3E-05  8.3E-03  1.2317944E+01       1           46 3.1E+03 3.8E+03 _
    879   103      2 1.0E+00    239  1.0E-05  6.6E-03  1.2313435E+01       1           45 3.2E+03 1.1E+04 _
    883   104      4 1.0E+00    240 (6.5E-06) 8.0E-03  1.2297191E+01       1     1     46 3.2E+03 1.1E+04 _
    885   105      2 1.0E+00    241  1.8E-05  9.7E-03  1.2284701E+01       1           45 3.4E+03 1.1E+04 _
    888   106      3 1.0E+00    242 (2.5E-06) 7.4E-03  1.2272824E+01       1           47 3.4E+03 1.1E+04 _
    892   107      4 6.6E-01    244  2.5E-05  2.4E-02  1.2246572E+01       1           48 3.5E+03 1.1E+04 _
    894   108      2 4.7E-01    246  3.3E-05  2.3E-02  1.2235528E+01       1           47 3.6E+03 1.1E+04 _
    897   109      3 1.0E+00    247  3.9E-05  1.7E-02  1.2207572E+01       1     1     49 3.3E+03 1.1E+04 _
    900   110      3 1.0E+00    248  1.6E-05  9.5E-03  1.2183240E+01       1           49 3.1E+03 1.1E+04 _
    902   111      2 4.1E-01    251  2.2E-05  1.9E-02  1.2167972E+01       1           50 3.4E+03 1.1E+04 _  R
    907   112      5 1.0E+00    252 (3.3E-06) 1.2E-02  1.2154106E+01       1           46 3.4E+03 1.1E+04 _s
    908   113      1 1.0E+00    253  4.4E-05  8.6E-03  1.2118636E+01       1           46 3.4E+03 1.1E+04 _
    911   114      3 1.0E+00    254  2.9E-05  1.3E-02  1.2100673E+01       1           44 3.4E+03 1.1E+04 _
    913   115      2 6.4E-01    256  3.0E-05  1.1E-02  1.2074521E+01       1           45 3.7E+03 1.1E+04 _
    917   116      4 2.6E-01    259  2.9E-05  8.1E-03  1.2062293E+01       1           42 4.0E+03 1.1E+04 _
    919   117      2 3.4E-02    263  2.9E-05  6.5E-03  1.2057253E+01       1           41 4.1E+03 1.1E+04 _
    922   118      3 3.6E-01    266  5.6E-05  6.2E-03  1.2033149E+01       1           43 4.3E+03 1.1E+04 _
    924   119      2 3.0E-01    269  4.9E-05  8.4E-03  1.2020419E+01       1           44 3.2E+03 1.1E+04 _

   Itns Major Minors    Step   nCon Feasible  Optimal  MeritFunction     L+U BSwap     nS  condHz Penalty
    926   120      2 1.0E+00    270  4.7E-05  8.9E-03  1.2009516E+01       1           43 3.1E+03 1.1E+04 _
    927   121      1 5.4E-01    272  4.8E-05  7.0E-03  1.1999859E+01       1           43 3.2E+03 1.1E+04 _
    929   122      2 3.5E-01    275  4.3E-05  7.3E-03  1.1989879E+01       1           44 2.6E+03 1.1E+04 _  R
    930   123      1 5.4E-01    277  3.8E-05  4.3E-03  1.1980942E+01       1           44 2.3E+03 1.1E+04 _s
    931   124      1 1.0E+00    278 (9.8E-06) 3.9E-03  1.1975977E+01       1           44 2.4E+03 1.1E+04 _
    932   125      1 1.0E+00    279 (5.2E-06) 3.6E-03  1.1972475E+01       1           44 2.4E+03 1.1E+04 _
    934   126      2 1.0E+00    280 (1.8E-06) 3.5E-03  1.1969557E+01       1           43 2.4E+03 1.1E+04 _
    935   127      1 1.0E+00    281 (6.9E-06) 3.0E-03  1.1966090E+01       1           43 2.4E+03 1.1E+04 _
    937   128      2 1.0E+00    282 (1.0E-06) 2.7E-03  1.1964557E+01       1           42 2.4E+03 1.1E+04 _
    939   129      2 1.0E+00    283 (7.3E-06) 1.4E-03  1.1962213E+01       1           43 2.4E+03 1.1E+04 _
    940   130      1 1.0E+00    284 (9.3E-07) 1.4E-03  1.1961462E+01       1           43 2.4E+03 1.1E+04 _
    941   131      1 1.0E+00    285 (8.4E-07) 1.1E-03  1.1960907E+01       1           43 2.4E+03 1.1E+04 _
    942   132      1 1.0E+00    286 (8.7E-07) 9.6E-04  1.1960537E+01       1           43 2.4E+03 1.1E+04 _
    943   133      1 1.0E+00    287 (2.9E-07) 8.1E-04  1.1960260E+01       1           43 2.5E+03 1.1E+04 _  R
    944   134      1 1.0E+00    288 (1.7E-07) 7.2E-04  1.1960082E+01       1           43 2.4E+03 1.1E+04 _s
    945   135      1 1.0E+00    289 (4.6E-07) 6.4E-04  1.1959783E+01       1           43 2.4E+03 1.1E+04 _
    946   136      1 1.0E+00    290 (6.1E-07) 8.1E-04  1.1959462E+01       1           43 2.8E+03 1.1E+04 _
    947   137      1 1.0E+00    291 (5.4E-07) 7.7E-04  1.1959102E+01       1           43 3.6E+03 1.1E+04 _
    948   138      1 1.0E+00    292 (7.6E-07) 1.1E-03  1.1958782E+01       1           43 5.1E+03 1.1E+04 _
    949   139      1 1.0E+00    293 (6.6E-07) 6.7E-04  1.1958299E+01       1           43 6.9E+03 1.1E+04 _

   Itns Major Minors    Step   nCon Feasible  Optimal  MeritFunction     L+U BSwap     nS  condHz Penalty
    950   140      1 1.0E+00    294 (4.5E-07) 6.2E-04  1.1957965E+01       1           43 1.1E+04 1.1E+04 _
    951   141      1 1.0E+00    295 (4.1E-07) 5.7E-04  1.1957610E+01       1           43 1.5E+04 1.1E+04 _
    952   142      1 1.0E+00    296 (5.9E-07) 5.0E-04  1.1957396E+01       1           43 1.6E+04 1.1E+04 _
    953   143      1 1.0E+00    297 (2.2E-07) 4.9E-04  1.1957336E+01       1           43 1.6E+04 1.1E+04 _
    954   144      1 1.0E+00    298 (7.7E-08) 3.7E-04  1.1957287E+01       1           43 2.3E+03 1.1E+04 _  R
    955   145      1 1.0E+00    299 (4.4E-08) 4.2E-04  1.1957265E+01       1           43 2.1E+03 1.1E+04 _s
    956   146      1 1.0E+00    300 (4.6E-08) 3.4E-04  1.1957236E+01       1           43 1.9E+03 1.1E+04 _
    957   147      1 1.0E+00    301 (5.2E-08) 2.7E-04  1.1957210E+01       1           43 1.7E+03 1.1E+04 _
    958   148      1 1.0E+00    302 (3.7E-08) 2.0E-04  1.1957194E+01       1           43 1.5E+03 1.1E+04 _
    959   149      1 1.0E+00    303 (2.8E-08) 2.1E-04  1.1957177E+01       1           43 1.4E+03 1.1E+04 _
    960   150      1 1.0E+00    304 (2.1E-08) 1.5E-04  1.1957165E+01       1           43 1.4E+03 1.1E+04 _
    961   151      1 1.0E+00    305 (1.4E-08) 1.0E-04  1.1957159E+01       1           43 1.4E+03 1.1E+04 _
    962   152      1 1.0E+00    306 (6.6E-09) 1.0E-04  1.1957155E+01       1           43 1.4E+03 1.1E+04 _
    963   153      1 1.0E+00    307 (4.4E-09) 1.0E-04  1.1957153E+01       1           43 1.4E+03 1.1E+04 _
    964   154      1 1.0E+00    308 (3.9E-09) 9.6E-05  1.1957150E+01       1           43 1.3E+03 1.1E+04 _
    965   155      1 1.0E+00    309 (1.4E-09) 9.3E-05  1.1957149E+01       1           43 1.7E+03 1.1E+04 _  R
    966   156      1 1.0E+00    310 (7.3E-10) 9.4E-05  1.1957147E+01       1           43 1.6E+03 1.1E+04 _s
    967   157      1 1.0E+00    311 (3.0E-08) 9.0E-05  1.1957146E+01       1           43 1.7E+03 1.1E+04 _
    968   158      1 5.2E-01    313 (3.2E-08) 8.9E-05  1.1957141E+01       1           43 1.6E+03 1.1E+04 _
    969   159      1 3.8E-01    315 (2.8E-08) 9.0E-05  1.1957138E+01       1           43 1.5E+03 1.1E+04 _

   Itns Major Minors    Step   nCon Feasible  Optimal  MeritFunction     L+U BSwap     nS  condHz Penalty
    970   160      1 1.0E+00    316 (2.3E-08) 2.0E-04  1.1957132E+01       1           43 1.5E+03 1.1E+04 _
    971   161      1 1.0E+00    317 (5.3E-08) 1.5E-04  1.1957125E+01       1           43 1.5E+03 1.1E+04 _
    972   162      1 1.0E+00    318 (6.7E-08) 1.9E-04  1.1957112E+01       1           43 1.5E+03 1.1E+04 _
    973   163      1 1.0E+00    319 (2.0E-07) 2.4E-04  1.1957096E+01       1           43 1.5E+03 1.1E+04 _
    974   164      1 4.8E-01    321 (1.5E-07) 2.1E-04  1.1957081E+01       1           43 1.4E+03 1.1E+04 _
    975   165      1 1.0E+00    322 (1.2E-07) 1.9E-04  1.1957075E+01       1           43 1.3E+03 1.1E+04 _
    976   166      1 5.2E-01    324 (8.4E-08) 1.4E-04  1.1957066E+01       1           43 7.2E+02 1.1E+04 _  R
    977   167      1 1.0E+00    325 (4.6E-08) 1.2E-04  1.1957058E+01       1           43 6.9E+02 1.1E+04 _s
    978   168      1 1.0E+00    326 (2.1E-08) 8.0E-05  1.1957050E+01       1           43 6.7E+02 1.1E+04 _
    979   169      1 1.0E+00    327 (2.3E-08) 8.5E-05  1.1957041E+01       1           43 6.7E+02 1.1E+04 _
    980   170      1 1.0E+00    328 (3.1E-08) 1.3E-04  1.1957030E+01       1           43 1.1E+03 1.1E+04 _
    981   171      1 1.0E+00    329 (6.3E-08) 2.7E-04  1.1957022E+01       1           43 1.3E+03 1.1E+04 _
    982   172      1 1.0E+00    330 (3.0E-08) 1.6E-04  1.1957016E+01       1           43 1.1E+03 1.1E+04 _
    983   173      1 1.0E+00    331 (2.1E-08) 1.0E-04  1.1957014E+01       1           43 9.9E+02 1.1E+04 _
    984   174      1 1.0E+00    332 (7.1E-09) 1.1E-04  1.1957011E+01       1           43 9.6E+02 1.1E+04 _
    985   175      1 1.0E+00    333 (5.7E-09) 7.8E-05  1.1957010E+01       1           43 8.9E+02 1.1E+04 _
    986   176      1 1.0E+00    334 (2.0E-09) 4.6E-05  1.1957009E+01       1           43 8.5E+02 1.1E+04 _
    987   177      1 1.0E+00    335 (3.4E-09) 4.7E-05  1.1957008E+01       1           43 3.8E+02 1.1E+04 _  R
    988   178      1 1.0E+00    336 (2.2E-09) 2.5E-05  1.1957008E+01       1           43 3.9E+02 1.1E+04 _s
    989   179      1 1.0E+00    337 (2.8E-10) 1.0E-05  1.1957008E+01       1           43 4.6E+02 1.1E+04 _

   Itns Major Minors    Step   nCon Feasible  Optimal  MeritFunction     L+U BSwap     nS  condHz Penalty
    990   180      1 1.0E+00    338 (5.5E-10) 1.3E-05  1.1957007E+01       1           43 7.9E+02 1.1E+04 _
    991   181      1 1.0E+00    339 (5.5E-10) 1.4E-05  1.1957007E+01       1           43 1.0E+03 1.1E+04 _
    992   182      1 1.0E+00    340 (3.5E-10) 1.5E-05  1.1957007E+01       1           43 1.0E+03 1.1E+04 _
    993   183      1 1.0E+00    341 (2.8E-10) 1.7E-05  1.1957006E+01       1           43 1.1E+03 1.1E+04 _
    994   184      1 1.0E+00    342 (4.3E-10) 1.2E-05  1.1957006E+01       1           43 1.9E+03 1.1E+04 _
    995   185      1 1.0E+00    343 (5.6E-10) 1.8E-05  1.1957006E+01       1           43 2.4E+03 1.1E+04 _
    996   186      1 1.0E+00    344 (4.9E-10) 1.5E-05  1.1957005E+01       1           43 3.1E+03 1.1E+04 _
    997   187      1 1.0E+00    345 (3.3E-10) 1.9E-05  1.1957005E+01       1           43 3.5E+03 1.1E+04 _
    998   188      1 1.0E+00    346 (1.6E-10) 1.4E-05  1.1957005E+01       1           43 6.3E+02 1.1E+04 _  R
    999   189      1 1.0E+00    347 (8.0E-11)(8.4E-06) 1.1957005E+01       1           43 6.0E+02 1.1E+04 _s
1
 
 SNOPTC EXIT   0 -- finished successfully
 SNOPTC INFO   1 -- optimality conditions satisfied

 Problem name                 O
 No. of iterations                 999   Objective value      1.1957005036E+01
 No. of major iterations           189   Linear objective     0.0000000000E+00
 Penalty parameter           1.098E+04   Nonlinear objective  1.1957005036E+01
 No. of calls to funobj            348   No. of calls to funcon            348
 No. of superbasics                 43   No. of basic nonlinears             1
 No. of degenerate steps             0   Percentage                       0.00
 Max x                       3 1.8E+01   Max pi                      1 1.4E+01
 Max Primal infeas           0 0.0E+00   Max Dual infeas            26 1.3E-04
 Nonlinear constraint violn    1.8E-09
1
 
 Name           O                        Objective Value      1.1957005036E+01

 Status         Optimal Soln             Iteration    999    Superbasics    43

 Objective       @param  (Min)
 RHS            {MatrixC
 Ranges         ell} cel
 Bounds         l The ob

 Section 1 - Rows

  Number  ...Row.. State  ...Activity...  Slack Activity  ..Lower Limit.  ..Upper Limit.  .Dual Activity    ..i
 
      91  r      1    UL         0.80000         0.00000           None          0.80000       -14.24312      1
1
 
 Section 2 - Columns

  Number  .Column. State  ...Activity...  .Obj Gradient.  ..Lower Limit.  ..Upper Limit.  Reduced Gradnt    m+j
 
       1  x      1   SBS         9.76222         0.14948         1.0           100.00000         0.00001      2
       2  x      2   SBS         9.34323         0.14909         1.0           100.00000         0.00005      3
       3  x      3   SBS        18.06347         0.02239         1.0           100.00000         0.00001      4
       4  x      4   SBS         3.77825         0.01132         1.0           100.00000        -0.00001      5
       5  x      5   SBS         7.07438         0.05334         1.0           100.00000        -0.00002      6
       6  x      6   SBS         6.60436         0.05322         1.0           100.00000         0.00004      7
       7  x      7   SBS         3.60579         0.00813         1.0           100.00000        -0.00002      8
       8  x      8   SBS         1.92137         0.00412         1.0           100.00000        -0.00000      9
       9  x      9   SBS         6.55856         0.10213         1.0           100.00000        -0.00005     10
      10  x     10    BS         6.01846         0.10197         1.0           100.00000        -0.00004     11
      11  x     11   SBS         2.63794         0.01637         1.0           100.00000        -0.00001     12
      12  x     12   SBS         1.69652         0.00837         1.0           100.00000         0.00001     13
      13  x     13   SBS         5.70386         0.09798         1.0           100.00000        -0.00004     14
      14  x     14   SBS         5.31788         0.09794         1.0           100.00000        -0.00004     15
      15  x     15   SBS         2.42893         0.01677         1.0           100.00000        -0.00001     16
      16  x     16   SBS         1.58976         0.00869         1.0           100.00000        -0.00000     17
      17  x     17   SBS         4.99733         0.09385         1.0           100.00000        -0.00001     18
      18  x     18   SBS         4.66220         0.09393         1.0           100.00000        -0.00005     19
      19  x     19   SBS         2.22958         0.01713         1.0           100.00000        -0.00001     20
      20  x     20   SBS         1.43728         0.00900         1.0           100.00000        -0.00001     21
      21  x     21   SBS         4.36182         0.08973         1.0           100.00000        -0.00002     22
      22  x     22   SBS         4.08248         0.08992         1.0           100.00000        -0.00000     23
      23  x     23   SBS         1.98715         0.01745         1.0           100.00000        -0.00000     24
      24  x     24   SBS         1.28448         0.00932         1.0           100.00000         0.00001     25
      25  x     25   SBS         3.75526         0.08561         1.0           100.00000        -0.00001     26
      26  x     26   SBS         3.56808         0.08592         1.0           100.00000         0.00013     27
      27  x     27   SBS         1.70922         0.01774         1.0           100.00000        -0.00002     28
      28  x     28   SBS         1.12665         0.00964         1.0           100.00000        -0.00000     29
      29  x     29   SBS         3.15912         0.08151         1.0           100.00000        -0.00003     30
      30  x     30   SBS         3.05539         0.08192         1.0           100.00000        -0.00002     31
      31  x     31   SBS         1.41522         0.01786         1.0           100.00000        -0.00001     32
      32  x     32    LL         1.0             0.00985         1.0           100.00000         0.00735     33
      33  x     33   SBS         2.63625         0.07745         1.0           100.00000        -0.00002     34
      34  x     34   SBS         2.58227         0.07787         1.0           100.00000        -0.00002     35
      35  x     35   SBS         1.09842         0.01722         1.0           100.00000        -0.00000     36
      36  x     36    LL         1.0             0.00952         1.0           100.00000         0.01082     37
      37  x     37   SBS         2.37191         0.07336         1.0           100.00000        -0.00002     38
      38  x     38   SBS         2.40375         0.07376         1.0           100.00000        -0.00002     39
      39  x     39    LL         1.0             0.01599         1.0           100.00000         0.00263     40
      40  x     40    LL         1.0             0.00877         1.0           100.00000         0.00771     41
      41  x     41   SBS         2.04033         0.06928         1.0           100.00000        -0.00001     42
      42  x     42   SBS         2.09869         0.06964         1.0           100.00000        -0.00002     43
      43  x     43    LL         1.0             0.01479         1.0           100.00000         0.00698     44
      44  x     44    LL         1.0             0.00805         1.0           100.00000         0.00710     45
      45  x     45   SBS         1.69164         0.06519         1.0           100.00000        -0.00002     46
      46  x     46   SBS         1.76926         0.06553         1.0           100.00000        -0.00004     47
      47  x     47    LL         1.0             0.01359         1.0           100.00000         0.00461     48
      48  x     48    LL         1.0             0.00734         1.0           100.00000         0.00616     49
      49  x     49   SBS         1.34529         0.06111         1.0           100.00000        -0.00001     50
      50  x     50   SBS         1.43687         0.06141         1.0           100.00000        -0.00001     51
      51  x     51    LL         1.0             0.01238         1.0           100.00000         0.00527     52
      52  x     52    LL         1.0             0.00664         1.0           100.00000         0.00375     53
      53  x     53   SBS         1.00345         0.05703         1.0           100.00000        -0.00001     54
      54  x     54   SBS         1.12934         0.05730         1.0           100.00000        -0.00002     55
      55  x     55    LL         1.0             0.01117         1.0           100.00000         0.00894     56
      56  x     56    LL         1.0             0.00593         1.0           100.00000         0.00322     57
      57  x     57    LL         1.0             0.05294         1.0           100.00000         0.05235     58
      58  x     58    LL         1.0             0.05318         1.0           100.00000         0.05265     59
      59  x     59    LL         1.0             0.00995         1.0           100.00000         0.01032     60
      60  x     60    LL         1.0             0.00522         1.0           100.00000         0.00549     61
      61  x     61    LL         1.0             0.04886         1.0           100.00000         0.04896     62
      62  x     62    LL         1.0             0.04907         1.0           100.00000         0.04904     63
      63  x     63    LL         1.0             0.00871         1.0           100.00000         0.00870     64
      64  x     64    LL         1.0             0.00451         1.0           100.00000         0.00449     65
      65  x     65    LL         1.0             0.04478         1.0           100.00000         0.04478     66
      66  x     66    LL         1.0             0.04495         1.0           100.00000         0.04496     67
      67  x     67    LL         1.0             0.00746         1.0           100.00000         0.00746     68
      68  x     68    LL         1.0             0.00380         1.0           100.00000         0.00380     69
      69  x     69    LL         1.0             0.02114         1.0           100.00000         0.02114     70
      70  x     70    LL         1.0             0.02121         1.0           100.00000         0.02121     71
      71  x     71    LL         1.0             0.00329         1.0           100.00000         0.00329     72
      72  x     72    LL         1.0             0.00166         1.0           100.00000         0.00166     73
      73  x     73    LL         1.0             0.03352         1.0           100.00000         0.04265     74
      74  x     74    LL         1.0             0.03296         1.0           100.00000         0.03754     75
      75  x     75    LL         1.0             0.03183         1.0           100.00000         0.03581     76
      76  x     76    LL         1.0             0.03069         1.0           100.00000         0.03439     77
      77  x     77    LL         1.0             0.02952         1.0           100.00000         0.03359     78
      78  x     78    LL         1.0             0.02834         1.0           100.00000         0.03200     79
      79  x     79    LL         1.0             0.02714         1.0           100.00000         0.03092     80
      80  x     80    LL         1.0             0.02554         1.0           100.00000         0.02885     81
      81  x     81    LL         1.0             0.02257         1.0           100.00000         0.02610     82
      82  x     82    LL         1.0             0.01985         1.0           100.00000         0.02283     83
      83  x     83    LL         1.0             0.01732         1.0           100.00000         0.01949     84
      84  x     84    LL         1.0             0.01495         1.0           100.00000         0.01624     85
      85  x     85    LL         1.0             0.01275         1.0           100.00000         0.01247     86
      86  x     86    LL         1.0             0.01072         1.0           100.00000         0.01068     87
      87  x     87    LL         1.0             0.00886         1.0           100.00000         0.00887     88
      88  x     88    LL         1.0             0.00717         1.0           100.00000         0.00717     89
      89  x     89    LL         1.0             0.00564         1.0           100.00000         0.00564     90
      90  x     90    LL         1.0             0.00493         1.0           100.00000         0.00493     91
 
 Time for MPS input                             0.00 seconds
 Time for solving problem                  147847.99 seconds
 Time for solution output                       0.00 seconds
 Time for constraint functions             148716.19 seconds
 Time for objective function                    0.00 seconds
