
 ==============================
 S N O P T  7.2-5    (May 2007)
 ==============================
 
 SNMEMB EXIT 100 -- finished successfully
 SNMEMB INFO 104 -- memory requirements estimated

 ==============================
 S N O P T  7.2-5    (May 2007)
 ==============================
 
 

 Nonlinear constraints       1     Linear constraints       0
 Nonlinear variables        90     Linear variables         0
 Jacobian  variables        90     Objective variables     90
 Total constraints           1     Total variables         90
 

 
 The user has defined      90   out of      90   constraint gradients.
 The user has defined      90   out of      90   objective  gradients.
 

 Major Minors     Step   nCon Feasible  Optimal  MeritFunction    nS Penalty
     0     90               1 (0.0E+00) 7.5E-02  1.0191353E+01    88           r
     1      9  1.5E-01      2 (0.0E+00) 7.5E-02  9.5520042E+00    80         n rl
     2      7  1.5E-01      4 (0.0E+00) 1.2E-02  8.9255829E+00    76         n rl
     3     34  1.0E+00      5  7.9E-04  2.2E-02  5.4027453E+00    45         s
     4     20  1.0E+00      6  1.4E-03  2.1E-02  3.9752277E+00    28
     5     19  1.0E+00      7  1.3E-03  4.0E-02  3.7439544E+00    12
     6      9  1.0E+00      8  9.8E-04  2.3E-02  3.6327096E+00     6
     7      5  1.0E+00      9  1.9E-03  3.3E-02  3.5311842E+00     8
     8      7  1.4E-01     11  1.7E-03  2.8E-02  3.5998669E+00     2 3.5E+02
     9      9  4.7E-02     14  1.6E-03  1.2E-02  3.5996795E+00     8 3.6E+02

 Major Minors     Step   nCon Feasible  Optimal  MeritFunction    nS Penalty
    10      6  2.1E-01     16  1.3E-03  9.0E-03  3.6006059E+00     5 3.9E+02
    11      2  1.6E-01     18  1.1E-03  6.1E-03  3.6160069E+00     4 5.8E+02
    12      2  7.9E-02     20  1.0E-03  5.9E-03  3.6172908E+00     4 6.2E+02
    13      4  6.1E-02     22  9.6E-04  1.2E-02  3.6193757E+00     7 6.8E+02   R
    14      3  1.1E-01     24  8.7E-04  7.8E-03  3.7588197E+00     7 3.4E+03 s
    15      2  1.7E-01     26  7.4E-04  8.4E-03  3.7405795E+00     6 3.4E+03
    16      2  1.0E-01     28  6.7E-04  9.3E-03  3.7315978E+00     7 3.4E+03
    17      3  9.7E-02     30  6.1E-04  6.9E-03  3.7459114E+00     5 4.1E+03
    18      3  1.4E-01     32  5.5E-04  7.6E-03  3.7345630E+00     7 4.1E+03
    19      3  4.4E-01     34  3.3E-04  2.5E-03  3.7125177E+00     7 4.1E+03

 Major Minors     Step   nCon Feasible  Optimal  MeritFunction    nS Penalty
    20      6  7.2E-02     36  3.1E-04  2.1E-03  3.7112290E+00     8 4.1E+03
    21      1  3.0E-01     38  2.4E-04  2.4E-03  3.7075081E+00     8 4.1E+03
    22      2  2.3E-01     40  2.0E-04  4.2E-03  3.7064998E+00     7 4.1E+03
    23      3  1.0E+00     41  2.3E-05  3.3E-03  3.7014095E+00     7 4.1E+03
    24      2  5.5E-01     43  1.6E-05  4.8E-03  3.6992257E+00     6 6.4E+01   R
    25      3  4.4E-01     45  1.5E-05  2.1E-03  3.6973222E+00     8 1.1E+01 s
    26      3  1.0E+00     46 (3.6E-06) 2.1E-03  3.6968349E+00     8 4.8E+00
    27      1  1.0E+00     47 (8.5E-07) 3.4E-04  3.6962096E+00     8 4.8E+00
    28      1  1.0E+00     48 (4.0E-07) 3.3E-04  3.6960178E+00     8 4.8E+00
    29      1  1.0E+00     49 (3.5E-08) 1.7E-04  3.6959852E+00     8 4.8E+00

 Major Minors     Step   nCon Feasible  Optimal  MeritFunction    nS Penalty
    30      1  1.0E+00     50 (2.6E-08) 5.0E-05  3.6959750E+00     8 4.8E+00
    31      1  1.0E+00     51 (9.0E-10) 2.1E-05  3.6959745E+00     8 4.8E+00
    32      1  1.0E+00     52 (3.6E-10) 1.0E-05  3.6959743E+00     8 4.8E+00
    33      1  1.0E+00     53 (3.6E-11)(4.7E-06) 3.6959743E+00     8 4.8E+00
 
 SNOPTC EXIT   0 -- finished successfully
 SNOPTC INFO   1 -- optimality conditions satisfied

 Problem name                 O
 No. of iterations                 266   Objective value      3.6959742723E+00
 No. of major iterations            33   Linear objective     0.0000000000E+00
 Penalty parameter           4.758E+00   Nonlinear objective  3.6959742723E+00
 No. of calls to funobj             54   No. of calls to funcon             54
 No. of superbasics                  8   No. of basic nonlinears             1
 No. of degenerate steps             0   Percentage                       0.00
 Max x                       2 1.7E+00   Max pi                      1 3.0E+01
 Max Primal infeas           0 0.0E+00   Max Dual infeas            13 1.4E-04
 Nonlinear constraint violn    3.9E-10
 
 

 Solution printed on file  18
 
 Time for MPS input                             0.00 seconds
 Time for solving problem                   27403.77 seconds
 Time for solution output                       0.01 seconds
 Time for constraint functions              28271.11 seconds
 Time for objective function                    0.00 seconds
