
 ==============================
 S N O P T  7.2-5    (May 2007)
 ==============================
 
 SNMEMB EXIT 100 -- finished successfully
 SNMEMB INFO 104 -- memory requirements estimated

 ==============================
 S N O P T  7.2-5    (May 2007)
 ==============================
 
 

 Nonlinear constraints       1     Linear constraints       0
 Nonlinear variables        90     Linear variables         0
 Jacobian  variables        90     Objective variables     90
 Total constraints           1     Total variables         90
 

 
 The user has defined      90   out of      90   constraint gradients.
 The user has defined      90   out of      90   objective  gradients.
 

 Major Minors     Step   nCon Feasible  Optimal  MeritFunction    nS Penalty
     0     89               1  5.2E-02  6.7E-02  1.0191353E+01    89           r
     1      9  1.5E-01      2  4.6E-02  9.4E-02  1.0130696E+01    81 2.3E-01 n rl
     2     26  1.5E-01      3  4.7E-02  7.9E-02  9.8116653E+00    56 2.3E-01 s  l
     3     22  5.1E-01      5  8.6E-02  3.5E-01  9.0996732E+00    47 2.3E-01
     4     22  4.3E-01      7  1.2E-01  1.5E-01  8.6907590E+00    32 2.3E-01
     5     26  6.4E-01      9  1.8E-01  1.6E-01  6.9084509E+00    24 2.3E-01
     6     43  4.1E-01     11  2.1E-01  1.3E-01  6.6052049E+00    17 2.3E-01
     7     37  2.9E-01     13  2.4E-01  1.3E-01  6.5781935E+00    13 2.3E-01
     8     29  1.0E-01     16  2.4E-01  1.2E-01  6.4764017E+00    26 2.3E-01
     9     26  5.8E-01     18  2.3E-01  3.1E-01  6.0578846E+00    12 2.3E-01

 Major Minors     Step   nCon Feasible  Optimal  MeritFunction    nS Penalty
    10     22  3.9E-01     20  2.3E-01  1.4E-01  5.8520687E+00    12 2.3E-01
    11     10  3.0E-01     22  2.5E-01  1.6E-01  5.7514504E+00    11 2.3E-01
    12      5  3.1E-01     24  2.5E-01  1.4E+00  5.6242214E+00    13 2.3E-01   R
    13      4  9.1E-02     26  2.3E-01  1.6E-01  6.7545601E+00    14 5.2E-01 s
    14      2  7.9E-02     29  2.3E-01  7.2E-01  6.7149952E+00    15 5.2E-01
    15      5  2.3E-01     31  2.1E-01  6.1E-01  6.6695653E+00    19 5.2E-01
    16      2  4.5E-04     35  2.1E-01  5.5E-01  9.0032056E+00    18 1.3E+00
    17      5  4.2E-02     38  2.0E-01  2.9E-01  8.9389939E+00    22 1.3E+00
    18      5  5.3E-02     41  1.9E-01  3.6E-01  8.8576328E+00    18 1.3E+00
    19      7  3.6E-02     44  1.9E-01  3.5E-01  8.9808873E+00    18 1.3E+00

 Major Minors     Step   nCon Feasible  Optimal  MeritFunction    nS Penalty
    20      6  1.9E-01     46  1.6E-01  2.7E-01  8.6343586E+00    17 1.3E+00
    21      4  8.0E-02     49  1.6E-01  2.8E-01  8.5758242E+00    16 1.3E+00
    22      4  6.9E-02     52  1.5E-01  8.8E-01  8.5632604E+00    19 1.3E+00
    23      6  2.4E-02     55  1.5E-01  9.3E-01  8.5281155E+00    24 1.3E+00   R
    24      4  2.5E-02     58  1.5E-01  4.8E-01  1.8026888E+01    27 6.7E+00 s
    25      6  5.4E-02     61  1.4E-01  6.8E-01  1.7733353E+01    28 6.7E+00
    26      3  1.7E-02     64  1.4E-01  4.2E-01  1.9236329E+01    28 7.7E+00
    27      4  4.8E-02     67  1.3E-01  2.6E-01  2.5660328E+01    27 1.2E+01
    28      6  7.1E-02     70  1.2E-01  1.8E-01  2.4750514E+01    30 1.2E+01
    29      1  9.9E-02     73  1.1E-01  3.9E-01  1.3955232E+01    30 3.8E+00

 Major Minors     Step   nCon Feasible  Optimal  MeritFunction    nS Penalty
    30      2  4.0E-02     76  1.0E-01  4.1E-01  2.3050793E+01    31 1.1E+01
    31      3  2.3E-01     78  7.6E-02  1.4E-01  2.1070032E+01    33 1.1E+01
    32      3  1.0E+00     79  4.2E-02  1.1E+00  2.0983653E+01    33 1.1E+01
    33     48  1.0E+00     80  3.8E-02  3.1E-01  1.8456717E+01    26 1.1E+01
    34     17  4.9E-01     82  4.4E-02  4.5E-01  1.3548605E+01    38 1.1E+01   R
    35      2  3.4E-01     84  4.1E-02  2.7E-01  1.3105008E+01    39 1.1E+01 s
    36      5  7.8E-02     87  3.8E-02  1.6E-01  1.1763907E+02    43 3.2E+02
    37      4  2.7E-01     89  3.4E-02  3.4E-01  5.1213600E+01    40 1.0E+02
    38      5  7.0E-02     91  3.2E-02  1.6E-01  9.9723351E+01    42 2.9E+02
    39      5  9.0E-02     94  3.0E-02  2.2E-01  9.7961488E+01    42 2.9E+02

 Major Minors     Step   nCon Feasible  Optimal  MeritFunction    nS Penalty
    40      4  3.7E-01     96  2.5E-02  3.6E-01  9.4556526E+01    41 2.9E+02
    41     11  2.3E-01     98  2.1E-02  2.5E-01  8.7708522E+01    45 2.9E+02
    42     13  1.5E-01    100  1.8E-02  3.5E-01  8.2834516E+01    45 2.9E+02
    43     11  1.0E+00    101  1.6E-02  7.2E-01  2.9568738E+01    41 6.8E+01
    44     11  6.0E-01    103  1.4E-02  1.8E-01  1.8899691E+01    45 6.8E+01
    45      8  8.0E-03    106  1.4E-02  2.1E-01  2.4535825E+01    44 1.3E+02   R
    46      5  2.9E-02    109  1.4E-02  1.1E-01  1.2941243E+02    42 1.3E+03 s
    47      6  3.5E-01    111  1.1E-02  3.5E-01  1.1710114E+02    43 1.3E+03
    48      8  2.0E-01    113  1.0E-02  1.5E-01  4.9792567E+01    44 2.9E+02
    49      6  4.0E-01    115  9.9E-03  1.2E-01  4.1870641E+01    43 2.9E+02

 Major Minors     Step   nCon Feasible  Optimal  MeritFunction    nS Penalty
    50      6  6.3E-02    118  9.8E-03  1.7E-01  4.1328166E+01    46 2.9E+02
    51      6  4.7E-03    122  9.8E-03  1.8E-01  4.1248330E+01    47 2.9E+02
    52      4  3.3E-01    124  7.3E-03  1.9E-01  4.4436229E+01    48 4.1E+02
    53      8  5.7E-01    126  5.4E-03  8.0E-02  2.9333617E+01    51 4.1E+02
    54      6  1.9E-01    128  4.5E-03  6.4E-02  2.7118269E+01    48 4.1E+02
    55      7  9.3E-02    130  4.1E-03  3.9E-02  2.5952795E+01    46 4.1E+02
    56      4  6.0E-01    132  3.0E-03  1.2E-01  1.9998641E+01    47 4.1E+02   R
    57      4  3.9E-01    136  1.9E-03  3.7E-02  3.5440218E+01    46 3.3E+03 s
    58      4  1.0E+00    137  3.8E-03  4.5E-01  2.5690260E+01    45 9.2E+02
    59      2  4.6E-01    139  3.8E-03  1.5E-01  2.4960638E+01    44 9.2E+02

 Major Minors     Step   nCon Feasible  Optimal  MeritFunction    nS Penalty
    60      5  1.8E-01    141  3.2E-03  7.5E-02  2.1388044E+01    44 9.2E+02
    61      2  2.4E-01    144  2.8E-03  6.0E-02  1.8748902E+01    43 9.2E+02
    62      6  5.0E-01    146  2.7E-03  7.7E-02  1.8399627E+01    42 9.2E+02
    63      8  1.4E-01    149  2.7E-03  1.3E-01  1.8379678E+01    47 9.2E+02
    64      5  3.2E-01    151  2.5E-03  4.0E-02  1.7585168E+01    47 9.2E+02
    65      5  5.8E-01    153  1.4E-03  3.0E-02  1.5972367E+01    49 9.2E+02
    66      5  4.0E-01    155  9.7E-04  3.9E-02  1.5706805E+01    45 9.2E+02
    67      7  2.7E-01    157  7.3E-04  3.8E-02  1.5383972E+01    51 9.2E+02   R
    68      6  3.3E-01    159  5.6E-04  3.5E-02  1.6755659E+01    50 4.0E+03 s
    69      3  6.4E-01    161  2.5E-04  4.2E-02  1.5208131E+01    48 4.0E+03

 Major Minors     Step   nCon Feasible  Optimal  MeritFunction    nS Penalty
    70      3  5.7E-01    163  1.2E-04  2.9E-02  1.4510289E+01    48 4.0E+03
    71      4  1.0E+00    164  3.7E-05  1.8E-02  1.4171954E+01    47 4.0E+03
    72      5  3.5E-02    166  3.7E-05  1.4E-02  1.4158203E+01    47 4.0E+03
    73      5  1.9E-01    171  1.2E-04  3.5E-02  1.4029739E+01    51 4.0E+03
    74      7  6.3E-01    173  8.5E-05  1.5E-02  1.3757498E+01    47 4.0E+03
    75      3  3.2E-01    176  1.2E-04  1.4E-02  1.3602458E+01    47 4.0E+03
    76      4  6.8E-02    179  1.1E-04  9.3E-03  1.3581316E+01    48 4.0E+03
    77      5  6.5E-01    181  1.2E-04  1.3E-02  1.3448574E+01    44 4.0E+03
    78      3  2.9E-01    184  1.1E-04  1.8E-02  1.3412060E+01    46 4.0E+03   R
    79      4  1.0E+00    185  5.5E-05  7.0E-03  1.3323967E+01    45 4.0E+03 s

 Major Minors     Step   nCon Feasible  Optimal  MeritFunction    nS Penalty
    80      6  3.2E-01    188  6.0E-05  7.9E-03  1.3296563E+01    42 4.0E+03
    81      4  4.0E-01    191  7.6E-05  1.2E-02  1.3220637E+01    43 4.0E+03
    82     10  3.6E-01    194  1.3E-04  2.1E-02  1.3158997E+01    44 4.0E+03
    83      5  6.1E-01    196  1.9E-04  3.1E-02  1.3115760E+01    44 4.0E+03
    84      6  2.9E-01    199  1.5E-04  1.8E-02  1.3055356E+01    43 4.0E+03
    85     11  1.7E-01    202  1.6E-04  1.6E-02  1.3017849E+01    39 4.0E+03
    86     10  1.8E-02    206  1.6E-04  2.5E-02  1.3002618E+01    48 4.0E+03
    87      5  3.9E-01    208  1.6E-04  1.3E-02  1.2947357E+01    44 4.0E+03
    88      8  3.6E-01    211  1.3E-04  1.2E-02  1.2855577E+01    41 4.0E+03
    89     10  3.2E-01    215  2.4E-04  2.2E-02  1.2780460E+01    48 4.0E+03   R

 Major Minors     Step   nCon Feasible  Optimal  MeritFunction    nS Penalty
    90      2  1.8E-01    218  2.1E-04  1.6E-02  1.2731545E+01    47 4.0E+03 s
    91      2  6.5E-01    220  2.0E-04  1.7E-02  1.2620427E+01    48 4.0E+03
    92      1  1.0E+00    221  6.6E-05  2.7E-02  1.2704095E+01    48 1.2E+04
    93      3  1.0E+00    222  1.1E-05  2.0E-02  1.2579093E+01    46 3.5E+03
    94      3  1.0E+00    223  1.5E-05  1.4E-02  1.2540974E+01    46 3.5E+03
    95      3  6.4E-01    225  3.1E-05  7.8E-03  1.2521573E+01    46 3.5E+03
    96      3  1.0E+00    226 (4.4E-06) 5.9E-03  1.2501178E+01    44 3.5E+03
    97      6  1.0E+00    227  2.6E-05  1.5E-02  1.2460250E+01    47 3.5E+03
    98      4  4.3E-01    230  2.0E-05  1.4E-02  1.2445195E+01    46 3.5E+03
    99      2  6.4E-01    232  8.0E-05  1.8E-02  1.2382575E+01    47 3.5E+03

 Major Minors     Step   nCon Feasible  Optimal  MeritFunction    nS Penalty
   100      4  1.8E-01    235  1.2E-04  3.2E-02  1.2360463E+01    48 3.5E+03   R
   101      3  6.0E-01    237  7.3E-05  1.4E-02  1.2352065E+01    48 3.8E+03 s
   102      3  1.0E+00    238  5.3E-05  8.3E-03  1.2317944E+01    46 3.8E+03
   103      2  1.0E+00    239  1.0E-05  6.6E-03  1.2313435E+01    45 1.1E+04
   104      4  1.0E+00    240 (6.5E-06) 8.0E-03  1.2297191E+01    46 1.1E+04
   105      2  1.0E+00    241  1.8E-05  9.7E-03  1.2284701E+01    45 1.1E+04
   106      3  1.0E+00    242 (2.5E-06) 7.4E-03  1.2272824E+01    47 1.1E+04
   107      4  6.6E-01    244  2.5E-05  2.4E-02  1.2246572E+01    48 1.1E+04
   108      2  4.7E-01    246  3.3E-05  2.3E-02  1.2235528E+01    47 1.1E+04
   109      3  1.0E+00    247  3.9E-05  1.7E-02  1.2207572E+01    49 1.1E+04

 Major Minors     Step   nCon Feasible  Optimal  MeritFunction    nS Penalty
   110      3  1.0E+00    248  1.6E-05  9.5E-03  1.2183240E+01    49 1.1E+04
   111      2  4.1E-01    251  2.2E-05  1.9E-02  1.2167972E+01    50 1.1E+04   R
   112      5  1.0E+00    252 (3.3E-06) 1.2E-02  1.2154106E+01    46 1.1E+04 s
   113      1  1.0E+00    253  4.4E-05  8.6E-03  1.2118636E+01    46 1.1E+04
   114      3  1.0E+00    254  2.9E-05  1.3E-02  1.2100673E+01    44 1.1E+04
   115      2  6.4E-01    256  3.0E-05  1.1E-02  1.2074521E+01    45 1.1E+04
   116      4  2.6E-01    259  2.9E-05  8.1E-03  1.2062293E+01    42 1.1E+04
   117      2  3.4E-02    263  2.9E-05  6.5E-03  1.2057253E+01    41 1.1E+04
   118      3  3.6E-01    266  5.6E-05  6.2E-03  1.2033149E+01    43 1.1E+04
   119      2  3.0E-01    269  4.9E-05  8.4E-03  1.2020419E+01    44 1.1E+04

 Major Minors     Step   nCon Feasible  Optimal  MeritFunction    nS Penalty
   120      2  1.0E+00    270  4.7E-05  8.9E-03  1.2009516E+01    43 1.1E+04
   121      1  5.4E-01    272  4.8E-05  7.0E-03  1.1999859E+01    43 1.1E+04
   122      2  3.5E-01    275  4.3E-05  7.3E-03  1.1989879E+01    44 1.1E+04   R
   123      1  5.4E-01    277  3.8E-05  4.3E-03  1.1980942E+01    44 1.1E+04 s
   124      1  1.0E+00    278 (9.8E-06) 3.9E-03  1.1975977E+01    44 1.1E+04
   125      1  1.0E+00    279 (5.2E-06) 3.6E-03  1.1972475E+01    44 1.1E+04
   126      2  1.0E+00    280 (1.8E-06) 3.5E-03  1.1969557E+01    43 1.1E+04
   127      1  1.0E+00    281 (6.9E-06) 3.0E-03  1.1966090E+01    43 1.1E+04
   128      2  1.0E+00    282 (1.0E-06) 2.7E-03  1.1964557E+01    42 1.1E+04
   129      2  1.0E+00    283 (7.3E-06) 1.4E-03  1.1962213E+01    43 1.1E+04

 Major Minors     Step   nCon Feasible  Optimal  MeritFunction    nS Penalty
   130      1  1.0E+00    284 (9.3E-07) 1.4E-03  1.1961462E+01    43 1.1E+04
   131      1  1.0E+00    285 (8.4E-07) 1.1E-03  1.1960907E+01    43 1.1E+04
   132      1  1.0E+00    286 (8.7E-07) 9.6E-04  1.1960537E+01    43 1.1E+04
   133      1  1.0E+00    287 (2.9E-07) 8.1E-04  1.1960260E+01    43 1.1E+04   R
   134      1  1.0E+00    288 (1.7E-07) 7.2E-04  1.1960082E+01    43 1.1E+04 s
   135      1  1.0E+00    289 (4.6E-07) 6.4E-04  1.1959783E+01    43 1.1E+04
   136      1  1.0E+00    290 (6.1E-07) 8.1E-04  1.1959462E+01    43 1.1E+04
   137      1  1.0E+00    291 (5.4E-07) 7.7E-04  1.1959102E+01    43 1.1E+04
   138      1  1.0E+00    292 (7.6E-07) 1.1E-03  1.1958782E+01    43 1.1E+04
   139      1  1.0E+00    293 (6.6E-07) 6.7E-04  1.1958299E+01    43 1.1E+04

 Major Minors     Step   nCon Feasible  Optimal  MeritFunction    nS Penalty
   140      1  1.0E+00    294 (4.5E-07) 6.2E-04  1.1957965E+01    43 1.1E+04
   141      1  1.0E+00    295 (4.1E-07) 5.7E-04  1.1957610E+01    43 1.1E+04
   142      1  1.0E+00    296 (5.9E-07) 5.0E-04  1.1957396E+01    43 1.1E+04
   143      1  1.0E+00    297 (2.2E-07) 4.9E-04  1.1957336E+01    43 1.1E+04
   144      1  1.0E+00    298 (7.7E-08) 3.7E-04  1.1957287E+01    43 1.1E+04   R
   145      1  1.0E+00    299 (4.4E-08) 4.2E-04  1.1957265E+01    43 1.1E+04 s
   146      1  1.0E+00    300 (4.6E-08) 3.4E-04  1.1957236E+01    43 1.1E+04
   147      1  1.0E+00    301 (5.2E-08) 2.7E-04  1.1957210E+01    43 1.1E+04
   148      1  1.0E+00    302 (3.7E-08) 2.0E-04  1.1957194E+01    43 1.1E+04
   149      1  1.0E+00    303 (2.8E-08) 2.1E-04  1.1957177E+01    43 1.1E+04

 Major Minors     Step   nCon Feasible  Optimal  MeritFunction    nS Penalty
   150      1  1.0E+00    304 (2.1E-08) 1.5E-04  1.1957165E+01    43 1.1E+04
   151      1  1.0E+00    305 (1.4E-08) 1.0E-04  1.1957159E+01    43 1.1E+04
   152      1  1.0E+00    306 (6.6E-09) 1.0E-04  1.1957155E+01    43 1.1E+04
   153      1  1.0E+00    307 (4.4E-09) 1.0E-04  1.1957153E+01    43 1.1E+04
   154      1  1.0E+00    308 (3.9E-09) 9.6E-05  1.1957150E+01    43 1.1E+04
   155      1  1.0E+00    309 (1.4E-09) 9.3E-05  1.1957149E+01    43 1.1E+04   R
   156      1  1.0E+00    310 (7.3E-10) 9.4E-05  1.1957147E+01    43 1.1E+04 s
   157      1  1.0E+00    311 (3.0E-08) 9.0E-05  1.1957146E+01    43 1.1E+04
   158      1  5.2E-01    313 (3.2E-08) 8.9E-05  1.1957141E+01    43 1.1E+04
   159      1  3.8E-01    315 (2.8E-08) 9.0E-05  1.1957138E+01    43 1.1E+04

 Major Minors     Step   nCon Feasible  Optimal  MeritFunction    nS Penalty
   160      1  1.0E+00    316 (2.3E-08) 2.0E-04  1.1957132E+01    43 1.1E+04
   161      1  1.0E+00    317 (5.3E-08) 1.5E-04  1.1957125E+01    43 1.1E+04
   162      1  1.0E+00    318 (6.7E-08) 1.9E-04  1.1957112E+01    43 1.1E+04
   163      1  1.0E+00    319 (2.0E-07) 2.4E-04  1.1957096E+01    43 1.1E+04
   164      1  4.8E-01    321 (1.5E-07) 2.1E-04  1.1957081E+01    43 1.1E+04
   165      1  1.0E+00    322 (1.2E-07) 1.9E-04  1.1957075E+01    43 1.1E+04
   166      1  5.2E-01    324 (8.4E-08) 1.4E-04  1.1957066E+01    43 1.1E+04   R
   167      1  1.0E+00    325 (4.6E-08) 1.2E-04  1.1957058E+01    43 1.1E+04 s
   168      1  1.0E+00    326 (2.1E-08) 8.0E-05  1.1957050E+01    43 1.1E+04
   169      1  1.0E+00    327 (2.3E-08) 8.5E-05  1.1957041E+01    43 1.1E+04

 Major Minors     Step   nCon Feasible  Optimal  MeritFunction    nS Penalty
   170      1  1.0E+00    328 (3.1E-08) 1.3E-04  1.1957030E+01    43 1.1E+04
   171      1  1.0E+00    329 (6.3E-08) 2.7E-04  1.1957022E+01    43 1.1E+04
   172      1  1.0E+00    330 (3.0E-08) 1.6E-04  1.1957016E+01    43 1.1E+04
   173      1  1.0E+00    331 (2.1E-08) 1.0E-04  1.1957014E+01    43 1.1E+04
   174      1  1.0E+00    332 (7.1E-09) 1.1E-04  1.1957011E+01    43 1.1E+04
   175      1  1.0E+00    333 (5.7E-09) 7.8E-05  1.1957010E+01    43 1.1E+04
   176      1  1.0E+00    334 (2.0E-09) 4.6E-05  1.1957009E+01    43 1.1E+04
   177      1  1.0E+00    335 (3.4E-09) 4.7E-05  1.1957008E+01    43 1.1E+04   R
   178      1  1.0E+00    336 (2.2E-09) 2.5E-05  1.1957008E+01    43 1.1E+04 s
   179      1  1.0E+00    337 (2.8E-10) 1.0E-05  1.1957008E+01    43 1.1E+04

 Major Minors     Step   nCon Feasible  Optimal  MeritFunction    nS Penalty
   180      1  1.0E+00    338 (5.5E-10) 1.3E-05  1.1957007E+01    43 1.1E+04
   181      1  1.0E+00    339 (5.5E-10) 1.4E-05  1.1957007E+01    43 1.1E+04
   182      1  1.0E+00    340 (3.5E-10) 1.5E-05  1.1957007E+01    43 1.1E+04
   183      1  1.0E+00    341 (2.8E-10) 1.7E-05  1.1957006E+01    43 1.1E+04
   184      1  1.0E+00    342 (4.3E-10) 1.2E-05  1.1957006E+01    43 1.1E+04
   185      1  1.0E+00    343 (5.6E-10) 1.8E-05  1.1957006E+01    43 1.1E+04
   186      1  1.0E+00    344 (4.9E-10) 1.5E-05  1.1957005E+01    43 1.1E+04
   187      1  1.0E+00    345 (3.3E-10) 1.9E-05  1.1957005E+01    43 1.1E+04
   188      1  1.0E+00    346 (1.6E-10) 1.4E-05  1.1957005E+01    43 1.1E+04   R
   189      1  1.0E+00    347 (8.0E-11)(8.4E-06) 1.1957005E+01    43 1.1E+04 s
 
 SNOPTC EXIT   0 -- finished successfully
 SNOPTC INFO   1 -- optimality conditions satisfied

 Problem name                 O
 No. of iterations                 999   Objective value      1.1957005036E+01
 No. of major iterations           189   Linear objective     0.0000000000E+00
 Penalty parameter           1.098E+04   Nonlinear objective  1.1957005036E+01
 No. of calls to funobj            348   No. of calls to funcon            348
 No. of superbasics                 43   No. of basic nonlinears             1
 No. of degenerate steps             0   Percentage                       0.00
 Max x                       3 1.8E+01   Max pi                      1 1.4E+01
 Max Primal infeas           0 0.0E+00   Max Dual infeas            26 1.3E-04
 Nonlinear constraint violn    1.8E-09
 
 

 Solution printed on file  18
 
 Time for MPS input                             0.00 seconds
 Time for solving problem                  147847.99 seconds
 Time for solution output                       0.00 seconds
 Time for constraint functions             148716.19 seconds
 Time for objective function                    0.00 seconds
