
 ==============================
 S N O P T  7.2-5    (May 2007)
 ==============================
 
 SNMEMB EXIT 100 -- finished successfully
 SNMEMB INFO 104 -- memory requirements estimated

 ==============================
 S N O P T  7.2-5    (May 2007)
 ==============================
 
 

 Nonlinear constraints       1     Linear constraints       0
 Nonlinear variables        40     Linear variables         0
 Jacobian  variables        40     Objective variables     40
 Total constraints           1     Total variables         40
 

 
 The user has defined      40   out of      40   constraint gradients.
 The user has defined      40   out of      40   objective  gradients.
 

 Major Minors     Step   nCon Feasible  Optimal  MeritFunction    nS Penalty
     0     39               1  7.0E-05  1.0E-03  5.8538165E+00    39           r
     1      1  2.2E-01      2  9.9E-05  1.3E-03  5.4680053E+00    39         n rl
     2     15  2.1E-01      3  1.0E-04  1.1E-03  5.0593775E+00    25         s  l
     3     14  6.3E-01      5  5.1E-04  1.0E-02  4.1976374E+00    18
     4     11  1.0E+00      6  3.0E-03  3.3E-02  4.0113520E+00    12
     5      3  1.0E+00      7  3.8E-03  2.2E-02  2.3499088E+00    12
     6      4  1.0E+00      8  4.6E-03  2.8E-02  1.6977771E+00    13
     7     15  1.0E+00      9  3.9E-03  1.2E-01  1.6230666E+00    12
     8     11  1.0E+00     10  4.9E-03  3.0E-02  1.3468533E+00     4
     9      7  1.0E+00     11  7.3E-03  2.8E-02  1.1835364E+00     4

 Major Minors     Step   nCon Feasible  Optimal  MeritFunction    nS Penalty
    10      6  6.6E-03     14  7.2E-03  6.7E-03  1.2996172E+00     7 2.2E+02
    11      4  1.3E-01     16  6.4E-03  2.2E-02  1.2321840E+00     6 1.0E+02
    12      3  4.6E-02     19  6.1E-03  1.6E-02  1.4912185E+00     8 7.4E+02
    13      3  1.9E-01     21  5.1E-03  1.1E-02  1.4525221E+00     8 7.4E+02
    14      1  7.8E-02     24  4.8E-03  1.6E-02  1.4462230E+00     8 7.4E+02
    15      6  2.7E-02     27  4.7E-03  8.0E-03  1.4981459E+00    11 9.6E+02
    16      4  4.3E-02     30  4.5E-03  7.5E-03  1.4918160E+00    12 9.6E+02
    17      1  7.8E-03     33  4.4E-03  9.8E-03  1.5240817E+00    12 1.1E+03
    18      4  4.8E-02     36  4.2E-03  4.7E-03  1.6378381E+00    13 1.6E+03
    19      5  1.1E-01     38  3.8E-03  8.2E-03  1.6330229E+00    17 1.6E+03

 Major Minors     Step   nCon Feasible  Optimal  MeritFunction    nS Penalty
    20      5  4.5E-02     40  3.5E-03  6.8E-03  1.8386877E+00    13 2.9E+03
    21      4  7.9E-02     42  3.2E-03  5.2E-03  1.8256791E+00    14 2.9E+03
    22      6  3.1E-02     44  3.1E-03  4.6E-03  1.8752834E+00    15 3.3E+03
    23      4  5.2E-02     46  2.9E-03  4.4E-03  1.8687525E+00    14 3.3E+03
    24      6  2.3E-02     48  2.8E-03  4.0E-03  1.8991179E+00    11 3.6E+03
    25      6  2.6E-02     51  2.8E-03  2.5E-03  1.8959301E+00    14 3.6E+03
    26     10  1.1E-02     54  2.7E-03  2.8E-03  1.8951162E+00    19 3.6E+03
    27      6  2.8E-03     57  2.7E-03  3.1E-03  1.9161521E+00    16 3.8E+03
    28      5  3.1E-02     59  2.6E-03  3.7E-03  1.9678659E+00    16 4.4E+03
    29      4  4.7E-02     61  2.5E-03  2.7E-03  2.0934933E+00    19 5.8E+03

 Major Minors     Step   nCon Feasible  Optimal  MeritFunction    nS Penalty
    30      3  6.2E-02     63  2.3E-03  4.0E-03  2.0897109E+00    19 5.8E+03
    31      4  2.3E-02     65  2.2E-03  2.2E-03  2.0891275E+00    18 5.8E+03
    32      2  3.5E-02     67  2.1E-03  1.9E-03  2.1465549E+00    19 6.6E+03
    33      3  3.7E-02     69  2.0E-03  1.9E-03  2.2422876E+00    19 8.1E+03
    34      2  4.1E-02     71  1.9E-03  2.5E-03  2.3119314E+00    20 9.3E+03
    35      3  3.5E-02     73  1.9E-03  2.6E-03  2.3182176E+00    20 9.5E+03
    36      2  3.7E-02     75  1.8E-03  2.4E-03  2.3527516E+00    19 1.0E+04
    37      4  3.4E-02     77  1.7E-03  2.3E-03  2.3486901E+00    22 1.0E+04
    38      2  7.4E-02     79  1.5E-03  2.5E-03  2.4706787E+00    21 1.3E+04
    39      4  1.2E-01     82  1.3E-03  1.2E-03  2.5986071E+00    22 1.7E+04

 Major Minors     Step   nCon Feasible  Optimal  MeritFunction    nS Penalty
    40      2  2.6E-01     84  1.0E-03  7.1E-04  2.5618238E+00    23 1.7E+04
    41      3  1.6E-02     87  9.8E-04  1.4E-03  2.5609962E+00    21 1.7E+04
    42      2  4.1E-02     89  9.3E-04  8.0E-04  2.9851179E+00    22 3.9E+04
    43      6  8.0E-02     92  8.5E-04  2.2E-03  2.9408358E+00    23 3.9E+04
    44      3  2.9E-02     95  8.2E-04  2.8E-03  2.9288773E+00    23 3.9E+04
    45      3  1.4E-01     97  7.2E-04  2.4E-03  2.9044467E+00    23 3.9E+04
    46      4  5.6E-02     99  6.8E-04  1.4E-03  2.8964703E+00    24 3.9E+04
    47      3  3.8E-02    101  6.4E-04  1.0E-03  2.9235748E+00    24 4.1E+04
    48      2  1.4E-02    103  6.3E-04  1.0E-03  2.9762282E+00    23 4.6E+04
    49      3  2.9E-02    105  6.1E-04  8.3E-04  2.9719443E+00    25 4.6E+04

 Major Minors     Step   nCon Feasible  Optimal  MeritFunction    nS Penalty
    50      2  2.7E-01    107  4.3E-04  9.2E-04  2.9593043E+00    24 4.6E+04
    51      2  1.2E-01    109  3.8E-04  7.0E-04  3.1912019E+00    25 8.9E+04
    52      1  7.4E-02    111  3.5E-04  7.3E-04  3.2425650E+00    25 1.0E+05
    53      1  6.7E-02    113  3.2E-04  7.0E-04  3.2913645E+00    25 1.2E+05
    54      2  7.1E-02    115  2.9E-04  6.7E-04  3.3070778E+00    26 1.2E+05
    55      2  2.6E-01    117  2.1E-04  5.8E-04  3.3067085E+00    25 1.3E+05
    56      4  5.2E-02    119  2.0E-04  4.9E-04  3.3697906E+00    26 1.7E+05
    57      2  1.1E-01    121  1.8E-04  5.2E-04  3.3507131E+00    25 1.7E+05
    58      1  3.7E-02    123  1.7E-04  4.8E-04  3.3473139E+00    25 1.7E+05
    59      3  3.8E-02    125  1.6E-04  4.3E-04  3.3436670E+00    25 1.7E+05

 Major Minors     Step   nCon Feasible  Optimal  MeritFunction    nS Penalty
    60      4  2.4E-01    128  1.2E-04  3.9E-04  3.3299150E+00    26 1.7E+05
    61      2  1.0E-02    130  1.2E-04  3.7E-04  3.3297116E+00    25 1.7E+05
    62      5  3.1E-02    133  1.2E-04  3.9E-04  3.3275638E+00    25 1.7E+05
    63      3  2.4E-01    136  9.1E-05  2.9E-04  3.3463230E+00    27 2.1E+05
    64      5  6.7E-02    139  8.5E-05  1.8E-04  3.3775868E+00    27 3.0E+05
    65      2  1.6E-01    142  7.2E-05  1.7E-04  3.3687881E+00    28 3.0E+05
    66      2  4.1E-02    145  6.9E-05  2.2E-04  3.3677892E+00    27 3.0E+05
    67      1  8.7E-02    147  6.3E-05  2.2E-04  3.3793570E+00    27 3.7E+05
    68      4  9.3E-02    150  5.7E-05  2.0E-04  3.3768752E+00    28 3.7E+05
    69      5  4.5E-02    152  5.4E-05  1.8E-04  3.3758235E+00    28 3.7E+05

 Major Minors     Step   nCon Feasible  Optimal  MeritFunction    nS Penalty
    70      1  1.1E-01    155  4.9E-05  1.4E-04  3.3719280E+00    28 3.7E+05
    71      2  5.0E-02    157  4.6E-05  1.6E-04  3.3708148E+00    29 3.7E+05
    72      4  3.0E-01    159  3.3E-05  1.4E-04  3.3752066E+00    30 4.3E+05
    73      1  2.2E-01    161  2.6E-05  4.5E-04  3.3738117E+00    30 4.3E+05
    74      1  2.1E-01    163  2.1E-05  9.6E-05  3.3731018E+00    30 4.3E+05
    75      1  1.0E+00    164 (9.2E-07) 1.3E-04  3.3770034E+00    30 6.5E+05
    76      1  3.3E-01    166 (7.5E-07) 1.6E-04  3.3762675E+00    30 1.6E+03
    77      1  3.6E-01    168 (6.5E-07) 1.3E-04  3.3755064E+00    30 1.1E+02
    78      1  1.0E+00    169 (2.3E-07) 1.1E-04  3.3753159E+00    30 3.0E+01
    79      1  1.0E+00    170 (1.4E-07) 3.3E-05  3.3746088E+00    30 3.0E+01

 Major Minors     Step   nCon Feasible  Optimal  MeritFunction    nS Penalty
    80      1  1.0E+00    171 (6.2E-08) 3.8E-05  3.3740380E+00    30 3.0E+01
    81      1  1.0E+00    172 (2.8E-08) 5.9E-05  3.3736762E+00    30 3.0E+01
    82      1  1.0E+00    173 (4.3E-08) 6.7E-05  3.3732278E+00    30 3.0E+01
    83      1  3.0E-01    176 (4.1E-08) 6.9E-05  3.3730887E+00    30 3.0E+01
    84      1  1.0E+00    177 (5.4E-08) 3.5E-05  3.3728288E+00    30 3.0E+01
    85      1  1.0E+00    178 (3.0E-08) 1.8E-05  3.3725592E+00    30 3.0E+01
    86      1  1.0E+00    179 (2.6E-08) 3.9E-05  3.3723462E+00    30 3.0E+01
    87      1  1.0E+00    180 (2.2E-08) 1.9E-05  3.3722130E+00    30 3.0E+01
    88      1  1.0E+00    181 (4.4E-09) 1.3E-05  3.3721500E+00    30 3.0E+01
    89      1  1.0E+00    182 (7.4E-09) 1.2E-05  3.3720862E+00    30 3.0E+01

 Major Minors     Step   nCon Feasible  Optimal  MeritFunction    nS Penalty
    90      1  1.0E+00    183 (2.5E-09) 1.3E-05  3.3720520E+00    30 3.0E+01
    91      1  1.0E+00    184 (2.8E-09) 1.3E-05  3.3720164E+00    30 3.0E+01
    92      1  1.0E+00    185 (2.4E-09) 1.1E-05  3.3719866E+00    30 3.0E+01
    93      1  1.0E+00    186 (2.0E-09)(1.0E-05) 3.3719654E+00    30 3.0E+01
 
 SNOPTC EXIT   0 -- finished successfully
 SNOPTC INFO   1 -- optimality conditions satisfied

 Problem name                 O
 No. of iterations                 354   Objective value      3.3719552427E+00
 No. of major iterations            93   Linear objective     0.0000000000E+00
 Penalty parameter           3.015E+01   Nonlinear objective  3.3719552427E+00
 No. of calls to funobj            187   No. of calls to funcon            187
 No. of superbasics                 30   No. of basic nonlinears             1
 No. of degenerate steps             0   Percentage                       0.00
 Max x                       2 4.0E+00   Max pi                      1 5.3E+02
 Max Primal infeas           0 0.0E+00   Max Dual infeas            13 5.3E-03
 Nonlinear constraint violn    1.9E-08
 
 

 Solution printed on file  18
 
 Time for MPS input                             0.00 seconds
 Time for solving problem                   43718.24 seconds
 Time for solution output                       0.00 seconds
 Time for constraint functions              44053.12 seconds
 Time for objective function                    0.00 seconds
