
         ==============================
         S N O P T  7.2-5    (May 2007)
         ==============================
      Minor feasibility tolerance  1.00000000E-06
      Major feasibility tolerance  1.00000000E-05
      Major optimality tolerance  1.00000000E-05
      Major iterations limit           50000
      Summary file 19
      Print file 18
      Derivative level               3
1
 
 SNMEMB EXIT 100 -- finished successfully
 SNMEMB INFO 104 -- memory requirements estimated

         ==============================
         S N O P T  7.2-5    (May 2007)
         ==============================
      Minor feasibility tolerance  1.00000000E-06
      Major feasibility tolerance  1.00000000E-05
      Major optimality tolerance  1.00000000E-05
      Major iterations limit           50000
      Summary file 19
      Print file 18
      Derivative level               3
1
 
 Parameters
 ==========

 Files
 -----
 Solution file..........         0       Old basis file ........         0       Standard input.........         5
 Insert file............         0       New basis file ........         0       (Printer)..............        18
 Punch file.............         0       Backup basis file......         0       (Specs file)...........         0
 Load file..............         0       Dump file..............         0       Standard output........         6

 Frequencies
 -----------
 Print frequency........       100       Check frequency........        60       Save new basis map.....       100
 Summary frequency......       100       Factorization frequency        50       Expand frequency.......     10000

 QP subproblems
 --------------
 QPsolver Cholesky......
 Scale tolerance........     0.900       Minor feasibility tol..  1.00E-06       Iteration limit........     10000
 Scale option...........         0       Minor optimality  tol..  1.00E-06       Minor print level......         1
 Crash tolerance........     0.100       Pivot tolerance........  3.25E-11       Partial price..........         1
 Crash option...........         3       Elastic weight.........  1.00E+04       Prtl price section ( A)        40
                                         New superbasics........        99       Prtl price section (-I)         1

 The SQP Method
 --------------
 Minimize...............                 Cold start.............                 Proximal Point method..         1
 Nonlinear objectiv vars        40       Major optimality tol...  1.00E-05       Function precision.....  3.00E-13
 Unbounded step size....  1.00E+20       Superbasics limit......        40       Difference interval....  5.48E-07
 Unbounded objective....  1.00E+15       Reduced Hessian dim....        40       Central difference int.  6.70E-05
 Major step limit.......  2.00E+00       Derivative linesearch..                 Derivative level.......         3
 Major iterations limit.     50000       Linesearch tolerance...   0.90000       Verify level...........         0
 Minor iterations limit.       500       Penalty parameter......  0.00E+00       Major Print Level......         1

 Hessian Approximation
 ---------------------
 Full-Memory Hessian....                 Hessian updates........  99999999       Hessian frequency......  99999999
                                                                                 Hessian flush..........  99999999

 Nonlinear constraints
 ---------------------
 Nonlinear constraints..         1       Major feasibility tol..  1.00E-05       Violation limit........  1.00E+06
 Nonlinear Jacobian vars        40

 Miscellaneous
 -------------
 LU factor tolerance....      3.99       LU singularity tol.....  3.25E-11       Timing level...........         3
 LU update tolerance....      3.99       LU swap tolerance......  1.22E-04       Debug level............         0
 LU partial  pivoting...                 eps (machine precision)  2.22E-16       System information.....        No
1
 

 

 Matrix statistics
 -----------------
               Total      Normal        Free       Fixed     Bounded
 Rows              1           1           0           0           0
 Columns          40           0           0           0          40

 No. of matrix elements                   40     Density     100.000
 Biggest                          0.0000E+00  (excluding fixed columns,
 Smallest                         0.0000E+00   free rows, and RHS)

 No. of objective coefficients             0

 Nonlinear constraints       1     Linear constraints       0
 Nonlinear variables        40     Linear variables         0
 Jacobian  variables        40     Objective variables     40
 Total constraints           1     Total variables         40
1
 

 
 The user has defined      40   out of      40   constraint gradients.
 The user has defined      40   out of      40   objective  gradients.

 Cheap test of user-supplied problem derivatives...

 The constraint gradients seem to be OK.

 -->  The largest discrepancy was    2.89E-10  in constraint    41
 

 The objective  gradients seem to be OK.

 Gradient projected in one direction   1.69327228232E-03
 Difference approximation              1.69327230852E-03
1
 
 

   Itns Major Minors    Step   nCon Feasible  Optimal  MeritFunction     L+U BSwap     nS  condHz Penalty
     39     0     39              1  7.0E-05  1.0E-03  5.8538165E+00       1           39 1.0E+00         _  r
     40     1      1 2.2E-01      2  9.9E-05  1.3E-03  5.4680053E+00       1     1     39 1.0E+00         _n rl
     55     2     15 2.1E-01      3  1.0E-04  1.1E-03  5.0593775E+00       1     1     25 5.6E+00         _s  l
     69     3     14 6.3E-01      5  5.1E-04  1.0E-02  4.1976374E+00       1     1     18 3.0E+03         _
     80     4     11 1.0E+00      6  3.0E-03  3.3E-02  4.0113520E+00       1     1     12 2.8E+03         _
     83     5      3 1.0E+00      7  3.8E-03  2.2E-02  2.3499088E+00       1     1     12 3.7E+01         _
     87     6      4 1.0E+00      8  4.6E-03  2.8E-02  1.6977771E+00       1           13 1.3E+02         _
    102     7     15 1.0E+00      9  3.9E-03  1.2E-01  1.6230666E+00       1     1     12 3.0E+01         _
    113     8     11 1.0E+00     10  4.9E-03  3.0E-02  1.3468533E+00       1     1      4 2.3E+03         _
    120     9      7 1.0E+00     11  7.3E-03  2.8E-02  1.1835364E+00       1            4 4.3E+02         _
    126    10      6 6.6E-03     14  7.2E-03  6.7E-03  1.2996172E+00       1            7 8.2E+02 2.2E+02 _
    130    11      4 1.3E-01     16  6.4E-03  2.2E-02  1.2321840E+00       1            6 5.3E+02 1.0E+02 _
    133    12      3 4.6E-02     19  6.1E-03  1.6E-02  1.4912185E+00       1            8 1.5E+03 7.4E+02 _
    136    13      3 1.9E-01     21  5.1E-03  1.1E-02  1.4525221E+00       1            8 1.6E+03 7.4E+02 _
    137    14      1 7.8E-02     24  4.8E-03  1.6E-02  1.4462230E+00       1            8 2.8E+03 7.4E+02 _
    143    15      6 2.7E-02     27  4.7E-03  8.0E-03  1.4981459E+00       1           11 2.4E+03 9.6E+02 _
    147    16      4 4.3E-02     30  4.5E-03  7.5E-03  1.4918160E+00       1           12 1.9E+03 9.6E+02 _
    148    17      1 7.8E-03     33  4.4E-03  9.8E-03  1.5240817E+00       1           12 1.8E+03 1.1E+03 _
    152    18      4 4.8E-02     36  4.2E-03  4.7E-03  1.6378381E+00       1           13 1.4E+03 1.6E+03 _
    157    19      5 1.1E-01     38  3.8E-03  8.2E-03  1.6330229E+00       1           17 1.8E+03 1.6E+03 _

   Itns Major Minors    Step   nCon Feasible  Optimal  MeritFunction     L+U BSwap     nS  condHz Penalty
    162    20      5 4.5E-02     40  3.5E-03  6.8E-03  1.8386877E+00       1           13 9.7E+02 2.9E+03 _
    166    21      4 7.9E-02     42  3.2E-03  5.2E-03  1.8256791E+00       1           14 1.1E+03 2.9E+03 _
    172    22      6 3.1E-02     44  3.1E-03  4.6E-03  1.8752834E+00       1           15 1.3E+03 3.3E+03 _
    176    23      4 5.2E-02     46  2.9E-03  4.4E-03  1.8687525E+00       1           14 1.1E+03 3.3E+03 _
    182    24      6 2.3E-02     48  2.8E-03  4.0E-03  1.8991179E+00       1           11 1.0E+03 3.6E+03 _
    188    25      6 2.6E-02     51  2.8E-03  2.5E-03  1.8959301E+00       1           14 1.1E+03 3.6E+03 _
    198    26     10 1.1E-02     54  2.7E-03  2.8E-03  1.8951162E+00       1           19 1.5E+03 3.6E+03 _
    204    27      6 2.8E-03     57  2.7E-03  3.1E-03  1.9161521E+00       1           16 1.0E+03 3.8E+03 _
    209    28      5 3.1E-02     59  2.6E-03  3.7E-03  1.9678659E+00       1           16 1.0E+03 4.4E+03 _
    213    29      4 4.7E-02     61  2.5E-03  2.7E-03  2.0934933E+00       1           19 1.2E+03 5.8E+03 _
    216    30      3 6.2E-02     63  2.3E-03  4.0E-03  2.0897109E+00       1           19 1.2E+03 5.8E+03 _
    220    31      4 2.3E-02     65  2.2E-03  2.2E-03  2.0891275E+00       1           18 1.1E+03 5.8E+03 _
    222    32      2 3.5E-02     67  2.1E-03  1.9E-03  2.1465549E+00       1           19 1.2E+03 6.6E+03 _
    225    33      3 3.7E-02     69  2.0E-03  1.9E-03  2.2422876E+00       1           19 1.3E+03 8.1E+03 _
    227    34      2 4.1E-02     71  1.9E-03  2.5E-03  2.3119314E+00       1           20 1.4E+03 9.3E+03 _
    230    35      3 3.5E-02     73  1.9E-03  2.6E-03  2.3182176E+00       1           20 1.4E+03 9.5E+03 _
    232    36      2 3.7E-02     75  1.8E-03  2.4E-03  2.3527516E+00       1           19 1.3E+03 1.0E+04 _
    236    37      4 3.4E-02     77  1.7E-03  2.3E-03  2.3486901E+00       1           22 1.3E+03 1.0E+04 _
    238    38      2 7.4E-02     79  1.5E-03  2.5E-03  2.4706787E+00       1           21 1.4E+03 1.3E+04 _
    242    39      4 1.2E-01     82  1.3E-03  1.2E-03  2.5986071E+00       1           22 1.4E+03 1.7E+04 _

   Itns Major Minors    Step   nCon Feasible  Optimal  MeritFunction     L+U BSwap     nS  condHz Penalty
    244    40      2 2.6E-01     84  1.0E-03  7.1E-04  2.5618238E+00       1           23 1.6E+03 1.7E+04 _
    247    41      3 1.6E-02     87  9.8E-04  1.4E-03  2.5609962E+00       1           21 1.6E+03 1.7E+04 _
    249    42      2 4.1E-02     89  9.3E-04  8.0E-04  2.9851179E+00       1           22 1.7E+03 3.9E+04 _
    255    43      6 8.0E-02     92  8.5E-04  2.2E-03  2.9408358E+00       1           23 1.7E+03 3.9E+04 _
    258    44      3 2.9E-02     95  8.2E-04  2.8E-03  2.9288773E+00       1           23 1.7E+03 3.9E+04 _
    261    45      3 1.4E-01     97  7.2E-04  2.4E-03  2.9044467E+00       1     1     23 1.1E+03 3.9E+04 _
    265    46      4 5.6E-02     99  6.8E-04  1.4E-03  2.8964703E+00       1           24 1.1E+03 3.9E+04 _
    268    47      3 3.8E-02    101  6.4E-04  1.0E-03  2.9235748E+00       1           24 1.2E+03 4.1E+04 _
    270    48      2 1.4E-02    103  6.3E-04  1.0E-03  2.9762282E+00       1           23 1.2E+03 4.6E+04 _
    273    49      3 2.9E-02    105  6.1E-04  8.3E-04  2.9719443E+00       1           25 1.2E+03 4.6E+04 _
    275    50      2 2.7E-01    107  4.3E-04  9.2E-04  2.9593043E+00       1           24 1.1E+03 4.6E+04 _
    277    51      2 1.2E-01    109  3.8E-04  7.0E-04  3.1912019E+00       1           25 1.1E+03 8.9E+04 _
    278    52      1 7.4E-02    111  3.5E-04  7.3E-04  3.2425650E+00       1           25 1.1E+03 1.0E+05 _
    279    53      1 6.7E-02    113  3.2E-04  7.0E-04  3.2913645E+00       1           25 1.1E+03 1.2E+05 _
    281    54      2 7.1E-02    115  2.9E-04  6.7E-04  3.3070778E+00       1           26 1.1E+03 1.2E+05 _
    283    55      2 2.6E-01    117  2.1E-04  5.8E-04  3.3067085E+00       1           25 1.2E+03 1.3E+05 _
    287    56      4 5.2E-02    119  2.0E-04  4.9E-04  3.3697906E+00       1           26 1.2E+03 1.7E+05 _
    289    57      2 1.1E-01    121  1.8E-04  5.2E-04  3.3507131E+00       1           25 1.3E+03 1.7E+05 _
    290    58      1 3.7E-02    123  1.7E-04  4.8E-04  3.3473139E+00       1           25 1.2E+03 1.7E+05 _
    293    59      3 3.8E-02    125  1.6E-04  4.3E-04  3.3436670E+00       1           25 1.3E+03 1.7E+05 _

   Itns Major Minors    Step   nCon Feasible  Optimal  MeritFunction     L+U BSwap     nS  condHz Penalty
    297    60      4 2.4E-01    128  1.2E-04  3.9E-04  3.3299150E+00       1           26 1.2E+03 1.7E+05 _
    299    61      2 1.0E-02    130  1.2E-04  3.7E-04  3.3297116E+00       1           25 1.2E+03 1.7E+05 _
    304    62      5 3.1E-02    133  1.2E-04  3.9E-04  3.3275638E+00       1     1     25 3.1E+03 1.7E+05 _
    307    63      3 2.4E-01    136  9.1E-05  2.9E-04  3.3463230E+00       1           27 2.8E+03 2.1E+05 _
    312    64      5 6.7E-02    139  8.5E-05  1.8E-04  3.3775868E+00       1           27 2.7E+03 3.0E+05 _
    314    65      2 1.6E-01    142  7.2E-05  1.7E-04  3.3687881E+00       1           28 2.5E+03 3.0E+05 _
    316    66      2 4.1E-02    145  6.9E-05  2.2E-04  3.3677892E+00       1           27 2.5E+03 3.0E+05 _
    317    67      1 8.7E-02    147  6.3E-05  2.2E-04  3.3793570E+00       1           27 2.4E+03 3.7E+05 _
    321    68      4 9.3E-02    150  5.7E-05  2.0E-04  3.3768752E+00       1           28 2.3E+03 3.7E+05 _
    326    69      5 4.5E-02    152  5.4E-05  1.8E-04  3.3758235E+00       1           28 2.2E+03 3.7E+05 _
    327    70      1 1.1E-01    155  4.9E-05  1.4E-04  3.3719280E+00       1           28 1.9E+03 3.7E+05 _
    329    71      2 5.0E-02    157  4.6E-05  1.6E-04  3.3708148E+00       1           29 1.8E+03 3.7E+05 _
    333    72      4 3.0E-01    159  3.3E-05  1.4E-04  3.3752066E+00       1           30 1.4E+03 4.3E+05 _
    334    73      1 2.2E-01    161  2.6E-05  4.5E-04  3.3738117E+00       1           30 1.1E+03 4.3E+05 _
    335    74      1 2.1E-01    163  2.1E-05  9.6E-05  3.3731018E+00       1           30 1.1E+03 4.3E+05 _
    336    75      1 1.0E+00    164 (9.2E-07) 1.3E-04  3.3770034E+00       1           30 1.1E+03 6.5E+05 _
    337    76      1 3.3E-01    166 (7.5E-07) 1.6E-04  3.3762675E+00       1           30 1.2E+03 1.6E+03 _
    338    77      1 3.6E-01    168 (6.5E-07) 1.3E-04  3.3755064E+00       1           30 1.2E+03 1.1E+02 _
    339    78      1 1.0E+00    169 (2.3E-07) 1.1E-04  3.3753159E+00       1           30 1.2E+03 3.0E+01 _
    340    79      1 1.0E+00    170 (1.4E-07) 3.3E-05  3.3746088E+00       1           30 1.3E+03 3.0E+01 _

   Itns Major Minors    Step   nCon Feasible  Optimal  MeritFunction     L+U BSwap     nS  condHz Penalty
    341    80      1 1.0E+00    171 (6.2E-08) 3.8E-05  3.3740380E+00       1           30 1.4E+03 3.0E+01 _
    342    81      1 1.0E+00    172 (2.8E-08) 5.9E-05  3.3736762E+00       1           30 1.4E+03 3.0E+01 _
    343    82      1 1.0E+00    173 (4.3E-08) 6.7E-05  3.3732278E+00       1           30 1.7E+03 3.0E+01 _
    344    83      1 3.0E-01    176 (4.1E-08) 6.9E-05  3.3730887E+00       1           30 1.2E+03 3.0E+01 _
    345    84      1 1.0E+00    177 (5.4E-08) 3.5E-05  3.3728288E+00       1           30 1.2E+03 3.0E+01 _
    346    85      1 1.0E+00    178 (3.0E-08) 1.8E-05  3.3725592E+00       1           30 1.8E+03 3.0E+01 _
    347    86      1 1.0E+00    179 (2.6E-08) 3.9E-05  3.3723462E+00       1           30 2.8E+03 3.0E+01 _
    348    87      1 1.0E+00    180 (2.2E-08) 1.9E-05  3.3722130E+00       1           30 2.8E+03 3.0E+01 _
    349    88      1 1.0E+00    181 (4.4E-09) 1.3E-05  3.3721500E+00       1           30 3.0E+03 3.0E+01 _
    350    89      1 1.0E+00    182 (7.4E-09) 1.2E-05  3.3720862E+00       1           30 3.4E+03 3.0E+01 _
    351    90      1 1.0E+00    183 (2.5E-09) 1.3E-05  3.3720520E+00       1           30 4.1E+03 3.0E+01 _
    352    91      1 1.0E+00    184 (2.8E-09) 1.3E-05  3.3720164E+00       1           30 4.7E+03 3.0E+01 _
    353    92      1 1.0E+00    185 (2.4E-09) 1.1E-05  3.3719866E+00       1           30 4.9E+03 3.0E+01 _
    354    93      1 1.0E+00    186 (2.0E-09)(1.0E-05) 3.3719654E+00       1           30 4.8E+03 3.0E+01 _
1
 
 SNOPTC EXIT   0 -- finished successfully
 SNOPTC INFO   1 -- optimality conditions satisfied

 Problem name                 O
 No. of iterations                 354   Objective value      3.3719552427E+00
 No. of major iterations            93   Linear objective     0.0000000000E+00
 Penalty parameter           3.015E+01   Nonlinear objective  3.3719552427E+00
 No. of calls to funobj            187   No. of calls to funcon            187
 No. of superbasics                 30   No. of basic nonlinears             1
 No. of degenerate steps             0   Percentage                       0.00
 Max x                       2 4.0E+00   Max pi                      1 5.3E+02
 Max Primal infeas           0 0.0E+00   Max Dual infeas            13 5.3E-03
 Nonlinear constraint violn    1.9E-08
1
 
 Name           O                        Objective Value      3.3719552427E+00

 Status         Optimal Soln             Iteration    354    Superbasics    30

 Objective      other
   (Min)
 RHS               * ele
 Ranges         ments of
 Bounds          the too

 Section 1 - Rows

  Number  ...Row.. State  ...Activity...  Slack Activity  ..Lower Limit.  ..Upper Limit.  .Dual Activity    ..i
 
      41  r      1    UL         0.00600         0.00000           None          0.00600      -530.69809      1
1
 
 Section 2 - Columns

  Number  .Column. State  ...Activity...  .Obj Gradient.  ..Lower Limit.  ..Upper Limit.  Reduced Gradnt    m+j
 
       1  x      1   SBS         3.80847         0.14948         0.50000       100.00000         0.00170      2
       2  x      2    BS         3.99984         0.14909         0.50000       100.00000         0.00119      3
       3  x      3   SBS         2.97892         0.02239         0.50000       100.00000         0.00028      4
       4  x      4   SBS         2.17049         0.01132         0.50000       100.00000         0.00027      5
       5  x      5   SBS         2.35047         0.05334         0.50000       100.00000        -0.00013      6
       6  x      6   SBS         2.49660         0.05322         0.50000       100.00000        -0.00025      7
       7  x      7   SBS         1.34611         0.00813         0.50000       100.00000        -0.00032      8
       8  x      8   SBS         1.55217         0.00412         0.50000       100.00000         0.00024      9
       9  x      9   SBS         1.91712         0.10213         0.50000       100.00000        -0.00207     10
      10  x     10   SBS         2.29134         0.10197         0.50000       100.00000         0.00297     11
      11  x     11   SBS         1.31986         0.01637         0.50000       100.00000        -0.00304     12
      12  x     12   SBS         2.02586         0.00837         0.50000       100.00000         0.00002     13
      13  x     13   SBS         1.46085         0.09798         0.50000       100.00000        -0.00530     14
      14  x     14   SBS         2.17146         0.09794         0.50000       100.00000        -0.00176     15
      15  x     15   SBS         1.13084         0.01677         0.50000       100.00000        -0.00122     16
      16  x     16   SBS         0.95530         0.00869         0.50000       100.00000        -0.00034     17
      17  x     17   SBS         1.02194         0.09385         0.50000       100.00000        -0.00026     18
      18  x     18   SBS         1.87402         0.09393         0.50000       100.00000        -0.00030     19
      19  x     19   SBS         0.90569         0.01713         0.50000       100.00000         0.00244     20
      20  x     20   SBS         1.31760         0.00900         0.50000       100.00000        -0.00010     21
      21  x     21   SBS         0.66349         0.08973         0.50000       100.00000        -0.00198     22
      22  x     22   SBS         1.55555         0.08992         0.50000       100.00000        -0.00060     23
      23  x     23   SBS         0.70209         0.01745         0.50000       100.00000        -0.00035     24
      24  x     24   SBS         1.28597         0.00932         0.50000       100.00000        -0.00012     25
      25  x     25   SBS         0.53946         0.08561         0.50000       100.00000         0.00264     26
      26  x     26   SBS         1.31941         0.08592         0.50000       100.00000         0.00093     27
      27  x     27    LL         0.50000         0.01774         0.50000       100.00000         0.01864     28
      28  x     28   SBS         0.88629         0.00964         0.50000       100.00000        -0.00013     29
      29  x     29   SBS         0.60800         0.08151         0.50000       100.00000         0.00115     30
      30  x     30   SBS         1.21786         0.08192         0.50000       100.00000        -0.00119     31
      31  x     31    LL         0.50000         0.01786         0.50000       100.00000         0.01797     32
      32  x     32   SBS         0.90467         0.00985         0.50000       100.00000         0.00051     33
      33  x     33    LL         0.50000         0.03352         0.50000       100.00000         0.04759     34
      34  x     34    LL         0.50000         0.03296         0.50000       100.00000         0.04079     35
      35  x     35    LL         0.50000         0.03183         0.50000       100.00000         0.03323     36
      36  x     36    LL         0.50000         0.03069         0.50000       100.00000         0.02965     37
      37  x     37    LL         0.50000         0.02952         0.50000       100.00000         0.02883     38
      38  x     38    LL         0.50000         0.02834         0.50000       100.00000         0.02451     39
      39  x     39    LL         0.50000         0.02714         0.50000       100.00000         0.02277     40
      40  x     40   SBS         0.55737         0.02554         0.50000       100.00000         0.00041     41
 
 Time for MPS input                             0.00 seconds
 Time for solving problem                   43718.24 seconds
 Time for solution output                       0.00 seconds
 Time for constraint functions              44053.12 seconds
 Time for objective function                    0.00 seconds
